<?xml version="1.0" encoding="UTF-8"?>
<testsuite xmlns:xsi="http://www.w3.org/2001/XMLSchema-instance" xsi:noNamespaceSchemaLocation="https://maven.apache.org/surefire/maven-failsafe-plugin/xsd/failsafe-test-report-3.0.xsd" version="3.0" name="starter.CucumberTestSuite" time="18.105" tests="1" errors="0" skipped="0" failures="0">
  <properties>
[...]
</properties>
  <testcase name="Successful purchase" classname="Sauce Demo purchase" time="14.485">
    <system-out><![CDATA[20:21:09.803 [main] DEBUG net.thucydides.core.guice.Injectors - Created injector for module net.thucydides.core.guice.ThucydidesModule
20:21:10.009 [main] INFO io.cucumber.core.plugin.SerenityReporter - Running feature from file:///C:/Users/Santiago/Desktop/NTT-DATA/Challenge/src/test/resources/features/login/login.feature
20:21:10.142 [main] DEBUG net.thucydides.core.guice.Injectors - Created injector for module net.thucydides.core.guice.webdriver.WebDriverModule
20:21:10.167 [main] INFO  - 

-------------------------------------------------------------------------------------
     _______. _______ .______       _______ .__   __.  __  .___________.____    ____ 
    /       ||   ____||   _  \     |   ____||  \ |  | |  | |           |\   \  /   / 
   |   (----`|  |__   |  |_)  |    |  |__   |   \|  | |  | `---|  |----` \   \/   /  
    \   \    |   __|  |      /     |   __|  |  . `  | |  |     |  |       \_    _/   
.----)   |   |  |____ |  |\  \----.|  |____ |  |\   | |  |     |  |         |  |     
|_______/    |_______|| _| `._____||_______||__| \__| |__|     |__|         |__|    
                                                                                     
 News and tutorials at http://www.serenity-bdd.info                                  
 Documentation at https://wakaleo.gitbooks.io/the-serenity-book/content/             
 Join the Serenity Community on Gitter: https://gitter.im/serenity-bdd/serenity-core 
 Serenity BDD Support and Training at http://serenity-bdd.info/#/trainingandsupport  
-------------------------------------------------------------------------------------

20:21:10.169 [main] DEBUG net.thucydides.core.steps.StepEventBus - Test suite started for story net.thucydides.core.model.Story@bf3ec4c4
20:21:10.171 [main] INFO  - Test Suite Started: Sauce Demo purchase
20:21:10.185 [main] INFO io.cucumber.core.plugin.SerenityReporter - Running feature from file:///C:/Users/Santiago/Desktop/NTT-DATA/Challenge/src/test/resources/features/login/login.feature
20:21:10.188 [main] DEBUG net.thucydides.core.steps.StepEventBus - Test suite started for story net.thucydides.core.model.Story@bf3ec4c4
20:21:10.189 [main] INFO  - Test Suite Started: Sauce Demo purchase
20:21:10.256 [main] INFO io.cucumber.core.plugin.SerenityReporter - Running feature from file:///C:/Users/Santiago/Desktop/NTT-DATA/Challenge/src/test/resources/features/login/login.feature
20:21:10.338 [main] INFO  - 
  _____   ___   ___   _____     ___   _____     _     ___   _____   ___   ___  
 |_   _| | __| / __| |_   _|   / __| |_   _|   /_\   | _ \ |_   _| | __| |   \ 
   | |   | _|  \__ \   | |     \__ \   | |    / _ \  |   /   | |   | _|  | |) |
   |_|   |___| |___/   |_|     |___/   |_|   /_/ \_\ |_|_\   |_|   |___| |___/ 

Successful purchase(sauce-demo-purchase;successful-purchase)
--------------------------------------------------------------------------------
standard_user has an active account
20:21:10.795 [main] DEBUG net.thucydides.core.steps.StepInterceptor - STARTING STEP: LoginStepDefinitions.sendsTheirValidCredentials - !#title
20:21:10.811 [main] DEBUG net.thucydides.core.steps.StepInterceptor - STARTING STEP: LoginStepDefinitions.sendsTheirValidCredentials - {0} opens the #targetPageName
20:21:10.833 [main] INFO net.serenitybdd.core.webdriver.driverproviders.DriverProvider - Using WebDriverManager configuration for firefox
20:21:11.092 [main] DEBUG org.apache.hc.client5.http.impl.classic.InternalHttpClient - ex-0000000001 preparing request execution
20:21:11.096 [main] DEBUG org.apache.hc.client5.http.protocol.RequestAddCookies - ex-0000000001 Cookie spec selected: strict
20:21:11.100 [main] DEBUG org.apache.hc.client5.http.protocol.RequestAuthCache - ex-0000000001 Auth cache not set in the context
20:21:11.100 [main] DEBUG org.apache.hc.client5.http.impl.classic.ProtocolExec - ex-0000000001 target auth state: UNCHALLENGED
20:21:11.100 [main] DEBUG org.apache.hc.client5.http.impl.classic.ProtocolExec - ex-0000000001 proxy auth state: UNCHALLENGED
20:21:11.100 [main] DEBUG org.apache.hc.client5.http.impl.classic.ConnectExec - ex-0000000001 acquiring connection with route {s}->https://raw.githubusercontent.com:443
20:21:11.100 [main] DEBUG org.apache.hc.client5.http.impl.classic.InternalHttpClient - ex-0000000001 acquiring endpoint (3 MINUTES)
20:21:11.102 [main] DEBUG org.apache.hc.client5.http.impl.io.PoolingHttpClientConnectionManager - ex-0000000001 endpoint lease request (3 MINUTES) [route: {s}->https://raw.githubusercontent.com:443][total available: 0; route allocated: 0 of 5; total allocated: 0 of 25]
20:21:11.104 [main] DEBUG org.apache.hc.client5.http.impl.io.PoolingHttpClientConnectionManager - ex-0000000001 endpoint leased [route: {s}->https://raw.githubusercontent.com:443][total available: 0; route allocated: 1 of 5; total allocated: 1 of 25]
20:21:11.110 [main] DEBUG org.apache.hc.client5.http.impl.io.PoolingHttpClientConnectionManager - ex-0000000001 acquired ep-0000000000
20:21:11.110 [main] DEBUG org.apache.hc.client5.http.impl.classic.InternalHttpClient - ex-0000000001 acquired endpoint ep-0000000000
20:21:11.110 [main] DEBUG org.apache.hc.client5.http.impl.classic.ConnectExec - ex-0000000001 opening connection {s}->https://raw.githubusercontent.com:443
20:21:11.110 [main] DEBUG org.apache.hc.client5.http.impl.classic.InternalHttpClient - ep-0000000000 connecting endpoint (30 SECONDS)
20:21:11.110 [main] DEBUG org.apache.hc.client5.http.impl.io.PoolingHttpClientConnectionManager - ep-0000000000 connecting endpoint to https://raw.githubusercontent.com:443 (30 SECONDS)
20:21:11.121 [main] DEBUG org.apache.hc.client5.http.impl.io.DefaultHttpClientConnectionOperator - http-outgoing-0 connecting to raw.githubusercontent.com/185.199.109.133:443
20:21:11.121 [main] DEBUG org.apache.hc.client5.http.ssl.SSLConnectionSocketFactory - Connecting socket to raw.githubusercontent.com/185.199.109.133:443 with timeout 30 SECONDS
20:21:11.195 [main] DEBUG org.apache.hc.client5.http.ssl.SSLConnectionSocketFactory - Enabled protocols: [TLSv1.3, TLSv1.2]
20:21:11.195 [main] DEBUG org.apache.hc.client5.http.ssl.SSLConnectionSocketFactory - Enabled cipher suites: [TLS_AES_256_GCM_SHA384, TLS_AES_128_GCM_SHA256, TLS_CHACHA20_POLY1305_SHA256, TLS_ECDHE_ECDSA_WITH_AES_256_GCM_SHA384, TLS_ECDHE_ECDSA_WITH_AES_128_GCM_SHA256, TLS_ECDHE_ECDSA_WITH_CHACHA20_POLY1305_SHA256, TLS_ECDHE_RSA_WITH_AES_256_GCM_SHA384, TLS_ECDHE_RSA_WITH_CHACHA20_POLY1305_SHA256, TLS_ECDHE_RSA_WITH_AES_128_GCM_SHA256, TLS_DHE_RSA_WITH_AES_256_GCM_SHA384, TLS_DHE_RSA_WITH_CHACHA20_POLY1305_SHA256, TLS_DHE_DSS_WITH_AES_256_GCM_SHA384, TLS_DHE_RSA_WITH_AES_128_GCM_SHA256, TLS_DHE_DSS_WITH_AES_128_GCM_SHA256, TLS_ECDHE_ECDSA_WITH_AES_256_CBC_SHA384, TLS_ECDHE_RSA_WITH_AES_256_CBC_SHA384, TLS_ECDHE_ECDSA_WITH_AES_128_CBC_SHA256, TLS_ECDHE_RSA_WITH_AES_128_CBC_SHA256, TLS_DHE_RSA_WITH_AES_256_CBC_SHA256, TLS_DHE_DSS_WITH_AES_256_CBC_SHA256, TLS_DHE_RSA_WITH_AES_128_CBC_SHA256, TLS_DHE_DSS_WITH_AES_128_CBC_SHA256, TLS_ECDH_ECDSA_WITH_AES_256_GCM_SHA384, TLS_ECDH_RSA_WITH_AES_256_GCM_SHA384, TLS_ECDH_ECDSA_WITH_AES_128_GCM_SHA256, TLS_ECDH_RSA_WITH_AES_128_GCM_SHA256, TLS_ECDH_ECDSA_WITH_AES_256_CBC_SHA384, TLS_ECDH_RSA_WITH_AES_256_CBC_SHA384, TLS_ECDH_ECDSA_WITH_AES_128_CBC_SHA256, TLS_ECDH_RSA_WITH_AES_128_CBC_SHA256, TLS_ECDHE_ECDSA_WITH_AES_256_CBC_SHA, TLS_ECDHE_RSA_WITH_AES_256_CBC_SHA, TLS_ECDHE_ECDSA_WITH_AES_128_CBC_SHA, TLS_ECDHE_RSA_WITH_AES_128_CBC_SHA, TLS_DHE_RSA_WITH_AES_256_CBC_SHA, TLS_DHE_DSS_WITH_AES_256_CBC_SHA, TLS_DHE_RSA_WITH_AES_128_CBC_SHA, TLS_DHE_DSS_WITH_AES_128_CBC_SHA, TLS_ECDH_ECDSA_WITH_AES_256_CBC_SHA, TLS_ECDH_RSA_WITH_AES_256_CBC_SHA, TLS_ECDH_ECDSA_WITH_AES_128_CBC_SHA, TLS_ECDH_RSA_WITH_AES_128_CBC_SHA, TLS_RSA_WITH_AES_256_GCM_SHA384, TLS_RSA_WITH_AES_128_GCM_SHA256, TLS_RSA_WITH_AES_256_CBC_SHA256, TLS_RSA_WITH_AES_128_CBC_SHA256, TLS_RSA_WITH_AES_256_CBC_SHA, TLS_RSA_WITH_AES_128_CBC_SHA, TLS_EMPTY_RENEGOTIATION_INFO_SCSV]
20:21:11.195 [main] DEBUG org.apache.hc.client5.http.ssl.SSLConnectionSocketFactory - Starting handshake
20:21:11.297 [main] DEBUG org.apache.hc.client5.http.ssl.SSLConnectionSocketFactory - Secure session established
20:21:11.297 [main] DEBUG org.apache.hc.client5.http.ssl.SSLConnectionSocketFactory -  negotiated protocol: TLSv1.3
20:21:11.297 [main] DEBUG org.apache.hc.client5.http.ssl.SSLConnectionSocketFactory -  negotiated cipher suite: TLS_AES_128_GCM_SHA256
20:21:11.297 [main] DEBUG org.apache.hc.client5.http.ssl.SSLConnectionSocketFactory -  peer principal: CN=*.github.io, O="GitHub, Inc.", L=San Francisco, ST=California, C=US
20:21:11.298 [main] DEBUG org.apache.hc.client5.http.ssl.SSLConnectionSocketFactory -  peer alternative names: [*.github.io, github.io, githubusercontent.com, www.github.com, *.github.com, *.githubusercontent.com, github.com]
20:21:11.298 [main] DEBUG org.apache.hc.client5.http.ssl.SSLConnectionSocketFactory -  issuer principal: CN=DigiCert Global G2 TLS RSA SHA256 2020 CA1, O=DigiCert Inc, C=US
20:21:11.299 [main] DEBUG org.apache.hc.client5.http.impl.io.DefaultHttpClientConnectionOperator - http-outgoing-0 connection established 192.168.0.108:56148<->185.199.109.133:443
20:21:11.299 [main] DEBUG org.apache.hc.client5.http.impl.io.PoolingHttpClientConnectionManager - ep-0000000000 connected http-outgoing-0
20:21:11.299 [main] DEBUG org.apache.hc.client5.http.impl.classic.InternalHttpClient - ep-0000000000 endpoint connected
20:21:11.299 [main] DEBUG org.apache.hc.client5.http.impl.classic.MainClientExec - ex-0000000001 executing GET /bonigarcia/webdrivermanager/master/src/main/resources/commands.properties HTTP/1.1
20:21:11.300 [main] DEBUG org.apache.hc.client5.http.impl.classic.InternalHttpClient - ep-0000000000 start execution ex-0000000001
20:21:11.300 [main] DEBUG org.apache.hc.client5.http.impl.io.PoolingHttpClientConnectionManager - ep-0000000000 executing exchange ex-0000000001 over http-outgoing-0
20:21:11.300 [main] DEBUG org.apache.hc.client5.http.headers - http-outgoing-0 >> GET /bonigarcia/webdrivermanager/master/src/main/resources/commands.properties HTTP/1.1
20:21:11.300 [main] DEBUG org.apache.hc.client5.http.headers - http-outgoing-0 >> user-agent: Apache-HttpClient/5.0
20:21:11.300 [main] DEBUG org.apache.hc.client5.http.headers - http-outgoing-0 >> accept-encoding: gzip, deflate, br
20:21:11.300 [main] DEBUG org.apache.hc.client5.http.headers - http-outgoing-0 >> cache-control: max-age=0
20:21:11.300 [main] DEBUG org.apache.hc.client5.http.headers - http-outgoing-0 >> connection: keep-alive
20:21:11.300 [main] DEBUG org.apache.hc.client5.http.headers - http-outgoing-0 >> Host: raw.githubusercontent.com
20:21:11.300 [main] DEBUG org.apache.hc.client5.http.wire - http-outgoing-0 >> "GET /bonigarcia/webdrivermanager/master/src/main/resources/commands.properties HTTP/1.1[\r][\n]"
20:21:11.300 [main] DEBUG org.apache.hc.client5.http.wire - http-outgoing-0 >> "user-agent: Apache-HttpClient/5.0[\r][\n]"
20:21:11.300 [main] DEBUG org.apache.hc.client5.http.wire - http-outgoing-0 >> "accept-encoding: gzip, deflate, br[\r][\n]"
20:21:11.300 [main] DEBUG org.apache.hc.client5.http.wire - http-outgoing-0 >> "cache-control: max-age=0[\r][\n]"
20:21:11.300 [main] DEBUG org.apache.hc.client5.http.wire - http-outgoing-0 >> "connection: keep-alive[\r][\n]"
20:21:11.300 [main] DEBUG org.apache.hc.client5.http.wire - http-outgoing-0 >> "Host: raw.githubusercontent.com[\r][\n]"
20:21:11.300 [main] DEBUG org.apache.hc.client5.http.wire - http-outgoing-0 >> "[\r][\n]"
20:21:11.405 [main] DEBUG org.apache.hc.client5.http.wire - http-outgoing-0 << "HTTP/1.1 200 OK[\r][\n]"
20:21:11.405 [main] DEBUG org.apache.hc.client5.http.wire - http-outgoing-0 << "Connection: keep-alive[\r][\n]"
20:21:11.405 [main] DEBUG org.apache.hc.client5.http.wire - http-outgoing-0 << "Content-Length: 745[\r][\n]"
20:21:11.405 [main] DEBUG org.apache.hc.client5.http.wire - http-outgoing-0 << "Cache-Control: max-age=300[\r][\n]"
20:21:11.405 [main] DEBUG org.apache.hc.client5.http.wire - http-outgoing-0 << "Content-Security-Policy: default-src 'none'; style-src 'unsafe-inline'; sandbox[\r][\n]"
20:21:11.405 [main] DEBUG org.apache.hc.client5.http.wire - http-outgoing-0 << "Content-Type: text/plain; charset=utf-8[\r][\n]"
20:21:11.405 [main] DEBUG org.apache.hc.client5.http.wire - http-outgoing-0 << "ETag: W/"dd41edff335272162022217759820159dac501cff56850e2510f504462cd9b5f"[\r][\n]"
20:21:11.406 [main] DEBUG org.apache.hc.client5.http.wire - http-outgoing-0 << "Strict-Transport-Security: max-age=31536000[\r][\n]"
20:21:11.406 [main] DEBUG org.apache.hc.client5.http.wire - http-outgoing-0 << "X-Content-Type-Options: nosniff[\r][\n]"
20:21:11.406 [main] DEBUG org.apache.hc.client5.http.wire - http-outgoing-0 << "X-Frame-Options: deny[\r][\n]"
20:21:11.406 [main] DEBUG org.apache.hc.client5.http.wire - http-outgoing-0 << "X-XSS-Protection: 1; mode=block[\r][\n]"
20:21:11.406 [main] DEBUG org.apache.hc.client5.http.wire - http-outgoing-0 << "X-GitHub-Request-Id: 88DC:1843F4:A0915B:ADF4A9:66FFCB50[\r][\n]"
20:21:11.406 [main] DEBUG org.apache.hc.client5.http.wire - http-outgoing-0 << "Content-Encoding: gzip[\r][\n]"
20:21:11.406 [main] DEBUG org.apache.hc.client5.http.wire - http-outgoing-0 << "Accept-Ranges: bytes[\r][\n]"
20:21:11.406 [main] DEBUG org.apache.hc.client5.http.wire - http-outgoing-0 << "Date: Sun, 06 Oct 2024 01:21:14 GMT[\r][\n]"
20:21:11.406 [main] DEBUG org.apache.hc.client5.http.wire - http-outgoing-0 << "Via: 1.1 varnish[\r][\n]"
20:21:11.406 [main] DEBUG org.apache.hc.client5.http.wire - http-outgoing-0 << "X-Served-By: cache-bog2260029-BOG[\r][\n]"
20:21:11.406 [main] DEBUG org.apache.hc.client5.http.wire - http-outgoing-0 << "X-Cache: HIT[\r][\n]"
20:21:11.407 [main] DEBUG org.apache.hc.client5.http.wire - http-outgoing-0 << "X-Cache-Hits: 0[\r][\n]"
20:21:11.407 [main] DEBUG org.apache.hc.client5.http.wire - http-outgoing-0 << "X-Timer: S1728177675.667482,VS0,VE80[\r][\n]"
20:21:11.407 [main] DEBUG org.apache.hc.client5.http.wire - http-outgoing-0 << "Vary: Authorization,Accept-Encoding,Origin[\r][\n]"
20:21:11.407 [main] DEBUG org.apache.hc.client5.http.wire - http-outgoing-0 << "Access-Control-Allow-Origin: *[\r][\n]"
20:21:11.407 [main] DEBUG org.apache.hc.client5.http.wire - http-outgoing-0 << "Cross-Origin-Resource-Policy: cross-origin[\r][\n]"
20:21:11.407 [main] DEBUG org.apache.hc.client5.http.wire - http-outgoing-0 << "X-Fastly-Request-ID: ce11478ea47b3e091aca4984b9974999703c8afa[\r][\n]"
20:21:11.407 [main] DEBUG org.apache.hc.client5.http.wire - http-outgoing-0 << "Expires: Sun, 06 Oct 2024 01:26:14 GMT[\r][\n]"
20:21:11.407 [main] DEBUG org.apache.hc.client5.http.wire - http-outgoing-0 << "Source-Age: 0[\r][\n]"
20:21:11.407 [main] DEBUG org.apache.hc.client5.http.wire - http-outgoing-0 << "[\r][\n]"
20:21:11.409 [main] DEBUG org.apache.hc.client5.http.headers - http-outgoing-0 << HTTP/1.1 200 OK
20:21:11.409 [main] DEBUG org.apache.hc.client5.http.headers - http-outgoing-0 << Connection: keep-alive
20:21:11.409 [main] DEBUG org.apache.hc.client5.http.headers - http-outgoing-0 << Content-Length: 745
20:21:11.409 [main] DEBUG org.apache.hc.client5.http.headers - http-outgoing-0 << Cache-Control: max-age=300
20:21:11.409 [main] DEBUG org.apache.hc.client5.http.headers - http-outgoing-0 << Content-Security-Policy: default-src 'none'; style-src 'unsafe-inline'; sandbox
20:21:11.409 [main] DEBUG org.apache.hc.client5.http.headers - http-outgoing-0 << Content-Type: text/plain; charset=utf-8
20:21:11.410 [main] DEBUG org.apache.hc.client5.http.headers - http-outgoing-0 << ETag: W/"dd41edff335272162022217759820159dac501cff56850e2510f504462cd9b5f"
20:21:11.410 [main] DEBUG org.apache.hc.client5.http.headers - http-outgoing-0 << Strict-Transport-Security: max-age=31536000
20:21:11.410 [main] DEBUG org.apache.hc.client5.http.headers - http-outgoing-0 << X-Content-Type-Options: nosniff
20:21:11.410 [main] DEBUG org.apache.hc.client5.http.headers - http-outgoing-0 << X-Frame-Options: deny
20:21:11.410 [main] DEBUG org.apache.hc.client5.http.headers - http-outgoing-0 << X-XSS-Protection: 1; mode=block
20:21:11.410 [main] DEBUG org.apache.hc.client5.http.headers - http-outgoing-0 << X-GitHub-Request-Id: 88DC:1843F4:A0915B:ADF4A9:66FFCB50
20:21:11.410 [main] DEBUG org.apache.hc.client5.http.headers - http-outgoing-0 << Content-Encoding: gzip
20:21:11.410 [main] DEBUG org.apache.hc.client5.http.headers - http-outgoing-0 << Accept-Ranges: bytes
20:21:11.410 [main] DEBUG org.apache.hc.client5.http.headers - http-outgoing-0 << Date: Sun, 06 Oct 2024 01:21:14 GMT
20:21:11.410 [main] DEBUG org.apache.hc.client5.http.headers - http-outgoing-0 << Via: 1.1 varnish
20:21:11.410 [main] DEBUG org.apache.hc.client5.http.headers - http-outgoing-0 << X-Served-By: cache-bog2260029-BOG
20:21:11.410 [main] DEBUG org.apache.hc.client5.http.headers - http-outgoing-0 << X-Cache: HIT
20:21:11.410 [main] DEBUG org.apache.hc.client5.http.headers - http-outgoing-0 << X-Cache-Hits: 0
20:21:11.410 [main] DEBUG org.apache.hc.client5.http.headers - http-outgoing-0 << X-Timer: S1728177675.667482,VS0,VE80
20:21:11.410 [main] DEBUG org.apache.hc.client5.http.headers - http-outgoing-0 << Vary: Authorization,Accept-Encoding,Origin
20:21:11.410 [main] DEBUG org.apache.hc.client5.http.headers - http-outgoing-0 << Access-Control-Allow-Origin: *
20:21:11.410 [main] DEBUG org.apache.hc.client5.http.headers - http-outgoing-0 << Cross-Origin-Resource-Policy: cross-origin
20:21:11.410 [main] DEBUG org.apache.hc.client5.http.headers - http-outgoing-0 << X-Fastly-Request-ID: ce11478ea47b3e091aca4984b9974999703c8afa
20:21:11.410 [main] DEBUG org.apache.hc.client5.http.headers - http-outgoing-0 << Expires: Sun, 06 Oct 2024 01:26:14 GMT
20:21:11.410 [main] DEBUG org.apache.hc.client5.http.headers - http-outgoing-0 << Source-Age: 0
20:21:11.413 [main] DEBUG org.apache.hc.client5.http.impl.classic.MainClientExec - ex-0000000001 connection can be kept alive for 3 MINUTES
20:21:11.416 [main] DEBUG org.apache.hc.client5.http.wire - http-outgoing-0 << "[0x1f][0xffffff8b][0x8][0x0][0x0][0x0][0x0][0x0][0x0][0x3][0xffffffb5]W]o[0xffffffda]0[0x14]}[0xffffffe7]W\QUj% [0x1b][0xffffffad][0xffffffa6]i[0x12][0xf]4c[0xffffffdd]4*[0x18][0xffffffb4][0xffffffdd]&[0xfffffff9][0xffffffc5]$N[0xffffffb0][0xffffff94][0xffffffd8][0xffffffc8]NJ[0xffffffb7]_?[0xffffffdb][0xfffffff9]X[0xffffff92]:[0xffffffa3]k[0xffffffe8][0x1b][0xffffffb6][0xffffffef]=[0xffffffe7][0xffffffd8][0xfffffff7][0xffffffe4][0xffffffda][0xffffff9c][0xffffff80][0xffffffcb][0xffffffe3][0x18]3_[0xffffff82][0xffffff8f][0x13][0xffffffbc][0xffffffc1][0xffffff92][0xfffffff4]N[0xffffffe0]vK%[0x4]4"[0xffffffe0]q[0xffffff96]`[0xffffffca]$$[=[0xffffffc8]C[0x13][0xe][0x1b][0x2][0xffffffe4][0xffffff91]xiB|[0xffffffa0][0xffffffcc],[0xffffffcb]-[0xffffff89]"=[0xffffffe0][0xffffffc2]'B[0x7][0xfffffff9]$!^b[0x16][0x1f][0xffffff88][0xffffff90][0xffffff94][0xffffffab][0xffffffb5][0x0][0xffffff88][0xfffffffa][0x1d][\n]"
20:21:11.416 [main] DEBUG org.apache.hc.client5.http.wire - http-outgoing-0 << "B[0x18]l[0x4][0xffffffdf]K[0xffffffb5][0xffffffa0]([0xffffffcf][0xffffffdc][0xffffffad][0xffffffe0]1[0x19][0xffffffc0]'*H[0xffffffc0][0x1f][0x7][0xffffffb0][0xffffffd8][0x11][0xffffff81][0x7]0[0xfffffff3]C5kVi[0x1a][0xffffff9f]k|[0xffffff9f][0x6][0x1][0x11][0xffffff84]%[0xffffffc0]uLBY[0x8][0xfffffff2][0xffffff97]LH,[0xffffffe1][0xffffffec];e[0xffffffbe]B[0x1d][0xffffffc0][0xffffff9c][0xffffffb2]T[0xffffffc1][0xffffffdc]`[0xf][0x16][0xffffffeb][0xfffffff3][0xffffff9e][0xffffffe2][0xffffffc8](z[0xfffffff9]6F[0xffffff9e][0x19][0xffffff8e][0xfffffff6]Y[0xffffffc2][0xffffffe8][0xffffffcd][0xffffffdb][0xffffff89][0x17][0xfffffffb]#[0xffffffb5]+p\[0xffffffd8][0xffffffc7][0xffffffd4]3Gb[0xffffff8e]a[0xffffffbf]U|[0xffffffc0]pL&[0xfffffffd][0xffffffd3][0xffffffe5]jq[0xffffffbd][0xffffff9a][0xffffffde]|[0xfffffffa]2[0xffffff9f][0xffffffad]?[0xffffffa0][0x9]B[0xffffffa7][0x8]]s[0x1e]F[0x4][0xffffffa1][0xffffff8c][0x2][0xffffffa1][0xffffffe9]n[0x17]QOI[0xffffffe3][0xc][0xffffffa1][0xffffff9c]H![0xfffffff7]!$[0x9][0xffffffdc][0xffffffe7]g[0xffffffe1]<[0xffffffe0](m[0xffffffd7]3~[0xffffff81][0xffffff9e][0xffffffb3][0x1f][0xffffffef][0xffffffdf][0xffffff9d][0xffffffbf][0xffffffa6][0xffffffa8][0xffffff8b]g[0xffffff8a][0xffffff9a]/[0xffffffdc][0xffffffe9]|[0xffffffba]\~[0xffffff9c][0xffffffde]N_S[0xffffffcf][0xffffffe5]d5[0xffffffbb][0xffffff86]ow[0xffffffb3][0xffffffd5]O[0xfffffff8][0xfffffffc][0xffffffd5][0xffffffbd]Ck[0x1e]${,H[0xffffffc1][0xffffff96][0xffffff93]][0xffffffcd][0xffffffaf][0x8][0xfffffff6][0xc]^[0xffffffe1][0xffffffc5]^[0x13]4[0xffffffd2][0xffffff8e][0xffffffd1]>pR)[0xffffff9c][\r]eNh0[0xffffff86][0xffffffd9]:[0xc][0xffffff87]E[0xffffffa6]=q<i[0xffffff8b]o&[0xffffffc4][0xffffffd8]3<[0xffffff95][0x13][0xffffff90]N&8w[0xffffffe9][0x8][0xffffffef]v[0xffffff8e][0xffffffab][0xffffffbe]>es[0xffffffe9]([0x13]/[0xffffffd6][0xfffffff5][0xffffff80]*[0xffffffba][0xfffffff2]v[0xfffffffe][0xffffffd9][0xffffff94]DA6>[0xffffff8e][0xffffffbb]o[0xfffffff8]o[0x1a]E[0xffffffb8] A[0xffffffa8]@?T[0xffffffad]'*:{[0xfffffffa]xR.*[0xffffffce][0xffffffe9][0xffffffd7][0xffffffad][0xffffff93][0xffffff93]4[0xffffffc9][0xfffffffa][0xffffffda]<n*t[0xffffffeb][0xffffffb9]oV[0xffffffb6][0xffffffc0]/M[0xffffff94]O[0xffffffc0][0xfffffff0][0xffffffe1]i[0xffffff90][0xffffffb5][0xfffffffe]9[0xffffff8b][0xffffffad][0xfffffff2]U,Ul[0xffffffdd][0x13]KL[0xffffffa2][0x6][0xffffffdd][0xffffffca]\?`[0xffffffea][0x9].[0xffffffd5]I [0xffffffa4]i[0x1a]_i,[\r][0xffffffdd][0xffffffa1][0xffffffc3][0xffffffae]kzI[0xffffffd1]_Q[0xffffffce]Ek[0xffffffcb][0xfffffff8]Kf[0xffffffb8][0xfffffffe][0xffffffd9]3[0xc][0xffffffe6][0xffffffd3][0xffffff8e][0x11][0x17][0x10]C[0x1d]`i[0x19][0xffffffd5][0xffffffbc][0xfffffff1][0xffffffa4]5[0xffffffbc][0x1e]o[0xfffffff5]K[0xffffffa9][0xffffffd6][0xfffffff8][0xffffffc1]f[0xffffff9b]z[0x4][0xffffffd4][0x1a][0xffffff86][0xffffffb9]^K[0x16]s[0xffffff91][0xfffffffe][0xffffffbf][0xffffff8b]l]~)x(p,[0x11]2[0x14][0x8]E8e[0xffffff9e][0xffffffca]:X[0xffffffa6][0xffffff86][0xffffff88].[0xffffffb6]9[0xffffff9a][0xffffff88].[0xfffffff7]]G[0xffffffea][0xffffffcb][0xe][0xfffffffb][0x7f].u[0xffffff83][0xffffffbb][0xfffffff4][0xffffffb3][0x19][0xffffffda][0xffffffec][0xffffff98][0xffffffc5]Y[0xfffffffd]h8m6\4[0xffffffc1][0xffffff8a][0xffffffb7][0xffffff98]z[0xffffffd0][0xffffffd5]oF5q[0x1c][0x13][0x16][0xfffffff0][0x1d][0x1e][0x19]5-[0xffffff9d][0xffffffef][0xffffffad]c[0xb]z[0xffffffae]/m[0xffffffe6]8[0xffffffb6][0xffffff96][0xfffffff6]7X[0xffffffc9]t[0xfffffff8][0xfffffff9][0xffffffa5][0x11]K[0xfffffffb][0x15]3[0xffffffc3][0xfffffffc][0x1f]B[0xffffffdb][0xffffffd3][0xffffffab][0xffffff92]4.[0xffffff93]Z[0xffffffdf]]:[0xffffffda][0xffffffea][0xffffffdc]B[0xffffffa6][0xffffffcd][0xffffffbc][0xffffffae][0x5][0xfffffff5][0x4][0xffffffd6]8[0xffffffc0][0xffffff82][0xffffff96][0xfffffff0][0xffffffd2][0xc][0xffffffed][0xffffffe0]Y[0xffffffa8][\r]:[[0xffffffa9][0x0][0xffffffff][0x1][0xfffffff8][0x15][0xffffffb4][0xffffffee][0xffffff8e][\r][0x0][0x0]"
20:21:11.417 [main] DEBUG org.apache.hc.client5.http.impl.classic.InternalHttpClient - ep-0000000000 releasing valid endpoint
20:21:11.417 [main] DEBUG org.apache.hc.client5.http.impl.io.PoolingHttpClientConnectionManager - ep-0000000000 releasing endpoint
20:21:11.417 [main] DEBUG org.apache.hc.client5.http.impl.io.PoolingHttpClientConnectionManager - ep-0000000000 connection http-outgoing-0 can be kept alive for 3 MINUTES
20:21:11.418 [main] DEBUG org.apache.hc.client5.http.impl.io.PoolingHttpClientConnectionManager - ep-0000000000 connection released [route: {s}->https://raw.githubusercontent.com:443][total available: 1; route allocated: 1 of 5; total allocated: 1 of 25]
20:21:11.418 [main] DEBUG io.github.bonigarcia.wdm.versions.VersionDetector - Detecting firefox version using online commands.properties
20:21:11.419 [main] DEBUG io.github.bonigarcia.wdm.versions.Shell - Running command on the shell: [cmd.exe, /C, wmic, datafile, where, name="%PROGRAMFILES:\=\\%\\Mozilla, Firefox\\firefox.exe", get, Version, /value]
20:21:11.549 [main] DEBUG io.github.bonigarcia.wdm.versions.Shell - Result: Version=130.0.1.967
20:21:11.550 [main] DEBUG io.github.bonigarcia.wdm.versions.VersionDetector - Getting driver version for firefox130 from online versions.properties
20:21:11.551 [main] DEBUG org.apache.hc.client5.http.impl.classic.InternalHttpClient - ex-0000000002 preparing request execution
20:21:11.551 [main] DEBUG org.apache.hc.client5.http.protocol.RequestAddCookies - ex-0000000002 Cookie spec selected: strict
20:21:11.551 [main] DEBUG org.apache.hc.client5.http.protocol.RequestAuthCache - ex-0000000002 Auth cache not set in the context
20:21:11.551 [main] DEBUG org.apache.hc.client5.http.impl.classic.ProtocolExec - ex-0000000002 target auth state: UNCHALLENGED
20:21:11.551 [main] DEBUG org.apache.hc.client5.http.impl.classic.ProtocolExec - ex-0000000002 proxy auth state: UNCHALLENGED
20:21:11.551 [main] DEBUG org.apache.hc.client5.http.impl.classic.ConnectExec - ex-0000000002 acquiring connection with route {s}->https://raw.githubusercontent.com:443
20:21:11.551 [main] DEBUG org.apache.hc.client5.http.impl.classic.InternalHttpClient - ex-0000000002 acquiring endpoint (3 MINUTES)
20:21:11.551 [main] DEBUG org.apache.hc.client5.http.impl.io.PoolingHttpClientConnectionManager - ex-0000000002 endpoint lease request (3 MINUTES) [route: {s}->https://raw.githubusercontent.com:443][total available: 1; route allocated: 1 of 5; total allocated: 1 of 25]
20:21:11.551 [main] DEBUG org.apache.hc.client5.http.impl.io.PoolingHttpClientConnectionManager - ex-0000000002 endpoint leased [route: {s}->https://raw.githubusercontent.com:443][total available: 0; route allocated: 1 of 5; total allocated: 1 of 25]
20:21:11.551 [main] DEBUG org.apache.hc.client5.http.impl.io.PoolingHttpClientConnectionManager - ex-0000000002 acquired ep-0000000001
20:21:11.551 [main] DEBUG org.apache.hc.client5.http.impl.classic.InternalHttpClient - ex-0000000002 acquired endpoint ep-0000000001
20:21:11.551 [main] DEBUG org.apache.hc.client5.http.impl.classic.MainClientExec - ex-0000000002 executing GET /bonigarcia/webdrivermanager/master/src/main/resources/versions.properties HTTP/1.1
20:21:11.551 [main] DEBUG org.apache.hc.client5.http.impl.classic.InternalHttpClient - ep-0000000001 start execution ex-0000000002
20:21:11.551 [main] DEBUG org.apache.hc.client5.http.impl.io.PoolingHttpClientConnectionManager - ep-0000000001 executing exchange ex-0000000002 over http-outgoing-0
20:21:11.552 [main] DEBUG org.apache.hc.client5.http.headers - http-outgoing-0 >> GET /bonigarcia/webdrivermanager/master/src/main/resources/versions.properties HTTP/1.1
20:21:11.552 [main] DEBUG org.apache.hc.client5.http.headers - http-outgoing-0 >> user-agent: Apache-HttpClient/5.0
20:21:11.552 [main] DEBUG org.apache.hc.client5.http.headers - http-outgoing-0 >> accept-encoding: gzip, deflate, br
20:21:11.552 [main] DEBUG org.apache.hc.client5.http.headers - http-outgoing-0 >> cache-control: max-age=0
20:21:11.552 [main] DEBUG org.apache.hc.client5.http.headers - http-outgoing-0 >> connection: keep-alive
20:21:11.552 [main] DEBUG org.apache.hc.client5.http.headers - http-outgoing-0 >> Host: raw.githubusercontent.com
20:21:11.552 [main] DEBUG org.apache.hc.client5.http.wire - http-outgoing-0 >> "GET /bonigarcia/webdrivermanager/master/src/main/resources/versions.properties HTTP/1.1[\r][\n]"
20:21:11.552 [main] DEBUG org.apache.hc.client5.http.wire - http-outgoing-0 >> "user-agent: Apache-HttpClient/5.0[\r][\n]"
20:21:11.552 [main] DEBUG org.apache.hc.client5.http.wire - http-outgoing-0 >> "accept-encoding: gzip, deflate, br[\r][\n]"
20:21:11.552 [main] DEBUG org.apache.hc.client5.http.wire - http-outgoing-0 >> "cache-control: max-age=0[\r][\n]"
20:21:11.552 [main] DEBUG org.apache.hc.client5.http.wire - http-outgoing-0 >> "connection: keep-alive[\r][\n]"
20:21:11.552 [main] DEBUG org.apache.hc.client5.http.wire - http-outgoing-0 >> "Host: raw.githubusercontent.com[\r][\n]"
20:21:11.552 [main] DEBUG org.apache.hc.client5.http.wire - http-outgoing-0 >> "[\r][\n]"
20:21:11.655 [main] DEBUG org.apache.hc.client5.http.wire - http-outgoing-0 << "HTTP/1.1 200 OK[\r][\n]"
20:21:11.655 [main] DEBUG org.apache.hc.client5.http.wire - http-outgoing-0 << "Connection: keep-alive[\r][\n]"
20:21:11.655 [main] DEBUG org.apache.hc.client5.http.wire - http-outgoing-0 << "Content-Length: 2026[\r][\n]"
20:21:11.655 [main] DEBUG org.apache.hc.client5.http.wire - http-outgoing-0 << "Cache-Control: max-age=300[\r][\n]"
20:21:11.655 [main] DEBUG org.apache.hc.client5.http.wire - http-outgoing-0 << "Content-Security-Policy: default-src 'none'; style-src 'unsafe-inline'; sandbox[\r][\n]"
20:21:11.656 [main] DEBUG org.apache.hc.client5.http.wire - http-outgoing-0 << "Content-Type: text/plain; charset=utf-8[\r][\n]"
20:21:11.656 [main] DEBUG org.apache.hc.client5.http.wire - http-outgoing-0 << "ETag: W/"158b12be0d90e618af614dffeb94f06b915e7bb96fe9c2a07aa822ccf33242a6"[\r][\n]"
20:21:11.656 [main] DEBUG org.apache.hc.client5.http.wire - http-outgoing-0 << "Strict-Transport-Security: max-age=31536000[\r][\n]"
20:21:11.656 [main] DEBUG org.apache.hc.client5.http.wire - http-outgoing-0 << "X-Content-Type-Options: nosniff[\r][\n]"
20:21:11.656 [main] DEBUG org.apache.hc.client5.http.wire - http-outgoing-0 << "X-Frame-Options: deny[\r][\n]"
20:21:11.656 [main] DEBUG org.apache.hc.client5.http.wire - http-outgoing-0 << "X-XSS-Protection: 1; mode=block[\r][\n]"
20:21:11.656 [main] DEBUG org.apache.hc.client5.http.wire - http-outgoing-0 << "X-GitHub-Request-Id: 9CFE:109C2C:3B19B7:41C225:6701C70D[\r][\n]"
20:21:11.657 [main] DEBUG org.apache.hc.client5.http.wire - http-outgoing-0 << "Content-Encoding: gzip[\r][\n]"
20:21:11.657 [main] DEBUG org.apache.hc.client5.http.wire - http-outgoing-0 << "Accept-Ranges: bytes[\r][\n]"
20:21:11.657 [main] DEBUG org.apache.hc.client5.http.wire - http-outgoing-0 << "Date: Sun, 06 Oct 2024 01:21:14 GMT[\r][\n]"
20:21:11.657 [main] DEBUG org.apache.hc.client5.http.wire - http-outgoing-0 << "Via: 1.1 varnish[\r][\n]"
20:21:11.657 [main] DEBUG org.apache.hc.client5.http.wire - http-outgoing-0 << "X-Served-By: cache-bog2260029-BOG[\r][\n]"
20:21:11.657 [main] DEBUG org.apache.hc.client5.http.wire - http-outgoing-0 << "X-Cache: HIT[\r][\n]"
20:21:11.657 [main] DEBUG org.apache.hc.client5.http.wire - http-outgoing-0 << "X-Cache-Hits: 0[\r][\n]"
20:21:11.657 [main] DEBUG org.apache.hc.client5.http.wire - http-outgoing-0 << "X-Timer: S1728177675.918471,VS0,VE80[\r][\n]"
20:21:11.657 [main] DEBUG org.apache.hc.client5.http.wire - http-outgoing-0 << "Vary: Authorization,Accept-Encoding,Origin[\r][\n]"
20:21:11.657 [main] DEBUG org.apache.hc.client5.http.wire - http-outgoing-0 << "Access-Control-Allow-Origin: *[\r][\n]"
20:21:11.657 [main] DEBUG org.apache.hc.client5.http.wire - http-outgoing-0 << "Cross-Origin-Resource-Policy: cross-origin[\r][\n]"
20:21:11.658 [main] DEBUG org.apache.hc.client5.http.wire - http-outgoing-0 << "X-Fastly-Request-ID: 1f17872edc2a4c648c70aa9ff22424edc4814c5b[\r][\n]"
20:21:11.658 [main] DEBUG org.apache.hc.client5.http.wire - http-outgoing-0 << "Expires: Sun, 06 Oct 2024 01:26:14 GMT[\r][\n]"
20:21:11.658 [main] DEBUG org.apache.hc.client5.http.wire - http-outgoing-0 << "Source-Age: 0[\r][\n]"
20:21:11.658 [main] DEBUG org.apache.hc.client5.http.wire - http-outgoing-0 << "[\r][\n]"
20:21:11.659 [main] DEBUG org.apache.hc.client5.http.headers - http-outgoing-0 << HTTP/1.1 200 OK
20:21:11.659 [main] DEBUG org.apache.hc.client5.http.headers - http-outgoing-0 << Connection: keep-alive
20:21:11.659 [main] DEBUG org.apache.hc.client5.http.headers - http-outgoing-0 << Content-Length: 2026
20:21:11.659 [main] DEBUG org.apache.hc.client5.http.headers - http-outgoing-0 << Cache-Control: max-age=300
20:21:11.659 [main] DEBUG org.apache.hc.client5.http.headers - http-outgoing-0 << Content-Security-Policy: default-src 'none'; style-src 'unsafe-inline'; sandbox
20:21:11.659 [main] DEBUG org.apache.hc.client5.http.headers - http-outgoing-0 << Content-Type: text/plain; charset=utf-8
20:21:11.659 [main] DEBUG org.apache.hc.client5.http.headers - http-outgoing-0 << ETag: W/"158b12be0d90e618af614dffeb94f06b915e7bb96fe9c2a07aa822ccf33242a6"
20:21:11.659 [main] DEBUG org.apache.hc.client5.http.headers - http-outgoing-0 << Strict-Transport-Security: max-age=31536000
20:21:11.659 [main] DEBUG org.apache.hc.client5.http.headers - http-outgoing-0 << X-Content-Type-Options: nosniff
20:21:11.659 [main] DEBUG org.apache.hc.client5.http.headers - http-outgoing-0 << X-Frame-Options: deny
20:21:11.659 [main] DEBUG org.apache.hc.client5.http.headers - http-outgoing-0 << X-XSS-Protection: 1; mode=block
20:21:11.659 [main] DEBUG org.apache.hc.client5.http.headers - http-outgoing-0 << X-GitHub-Request-Id: 9CFE:109C2C:3B19B7:41C225:6701C70D
20:21:11.660 [main] DEBUG org.apache.hc.client5.http.headers - http-outgoing-0 << Content-Encoding: gzip
20:21:11.660 [main] DEBUG org.apache.hc.client5.http.headers - http-outgoing-0 << Accept-Ranges: bytes
20:21:11.660 [main] DEBUG org.apache.hc.client5.http.headers - http-outgoing-0 << Date: Sun, 06 Oct 2024 01:21:14 GMT
20:21:11.660 [main] DEBUG org.apache.hc.client5.http.headers - http-outgoing-0 << Via: 1.1 varnish
20:21:11.660 [main] DEBUG org.apache.hc.client5.http.headers - http-outgoing-0 << X-Served-By: cache-bog2260029-BOG
20:21:11.660 [main] DEBUG org.apache.hc.client5.http.headers - http-outgoing-0 << X-Cache: HIT
20:21:11.660 [main] DEBUG org.apache.hc.client5.http.headers - http-outgoing-0 << X-Cache-Hits: 0
20:21:11.660 [main] DEBUG org.apache.hc.client5.http.headers - http-outgoing-0 << X-Timer: S1728177675.918471,VS0,VE80
20:21:11.660 [main] DEBUG org.apache.hc.client5.http.headers - http-outgoing-0 << Vary: Authorization,Accept-Encoding,Origin
20:21:11.660 [main] DEBUG org.apache.hc.client5.http.headers - http-outgoing-0 << Access-Control-Allow-Origin: *
20:21:11.660 [main] DEBUG org.apache.hc.client5.http.headers - http-outgoing-0 << Cross-Origin-Resource-Policy: cross-origin
20:21:11.660 [main] DEBUG org.apache.hc.client5.http.headers - http-outgoing-0 << X-Fastly-Request-ID: 1f17872edc2a4c648c70aa9ff22424edc4814c5b
20:21:11.660 [main] DEBUG org.apache.hc.client5.http.headers - http-outgoing-0 << Expires: Sun, 06 Oct 2024 01:26:14 GMT
20:21:11.660 [main] DEBUG org.apache.hc.client5.http.headers - http-outgoing-0 << Source-Age: 0
20:21:11.661 [main] DEBUG org.apache.hc.client5.http.impl.classic.MainClientExec - ex-0000000002 connection can be kept alive for 3 MINUTES
20:21:11.661 [main] DEBUG org.apache.hc.client5.http.wire - http-outgoing-0 << "[0x1f][0xffffff8b][0x8][0x0][0x0][0x0][0x0][0x0][0x0][0x3][0xffffff9d][0xffffff97]M[0xffffff8f][0xfffffff3][0xffffffb6][0x11][0xffffffc7][0xffffffef][0xfffffffb])[0x4][0xffffffe4][0xffffff92][0xffffffa0][0xffffffb1][0xffffffcc][0xfffffff7][0xffffff97][0x5]th[0xffffffd3]6[0xffffffcd]!)[0xffffff9a][0x4][0xffffffc8]Ykk[0xffffffbd][0xffffffca]cK[0xffffff86][0xffffffa4][0xffffffcd][0xffffffa6][0xfffffff9][0xfffffff4][0xffffff99]!9[0x12]M[0x5]E[0xffffffd0][0xffffffc3]b[0xffffffcd][0xffffff9f]e[0xffffffce][0xb]G[0xffffffc3][0xffffffff]|V[0xfffffffd][0xfffffff8][0xffffffd6][0xffffffcf][0xffffffd5]k[0x7f][0xffffffed][0xffffffaa][0xffffffd3]8,m?[0xffffffcc][0xffffffd5][0xfffffff2][0xffffffd6]U[0xffffff9f][0xffffff86][0xfffffff1]c[0xffffffa8][0xffffffce]S[0xffffffff]K7U[0xfffffff0]7[0xfffffff7]#|s[0x1a]o[0xfffffff7]v[0xffffffe9]_[0xffffffe0][0xffffffe9][0xffffff8f]~y[0xb]O[0xffffff9e][0xffffffc6]i[0xffffffea][0xffffffe6][0xfffffffb]8[0xffffff9c][0xfffffffb][0xffffffe1]R[0xffffffbd]L[0xffffffe3][0xffffffc7][0xffffffbc][0xfffffffd][0xffffffe4][0xffffffe9][0xffffffe9][0xffffffb3][0xffffffea][0xffffffa7][0xffffffbf]~[0xffffffff][0xffffffdd]7[0xffffffdf]}[0xfffffffd][0x1c]M[0xfffffff5][0xffffffc3][0xffffffeb]X[0xfffffff5]q[0xffffffab]k[0xffffffb7]t[0xffffffd7][0xffffffff]V[0xffffffe7][0xffffffee]>u[0xffffffa7]v[0xffffffe9][0xffffffce]U;W[0xffffffe3]k[0xfffffff5]S[0xfffffff7][0xfffffff2][0xfffffff7]`[0xfffffff9][0xffffffdb]vh/[0xffffffb0][0xffffff9b][0xffffffae]m[0xffffffcd][0xffffffea][0xffffffea][0xffffff9b]a^[0xffffffba][0xfffffff6][0xfffffffc][0xffffffe5][0xfffffffe][0xffffff81][0xfffffff7][0xffffffb9][0xffffff83]_[0xe][0xffffffd7]~[0xffffffe8][0xffffffaa][[0xffffffb7][0xffffffb4][0xffffffe7]vi[0xffffffab]e[0xffffffac][0xffffffce][0xfffffffd]|[0x1a]1[0x4][0xfffffff4][0xfffffff4]>[0xffffff8d]w[0xfffffff8]X[0x6][0xfffffff5]:N[0xffffffd5][0x5][0xffffffd0]P[0xffffffdd][0xffffffda][0xffffff9f][0xffffffe1]s[0x11][0xffffffc2][0xfffffffc]e5[0xffffffb4]7[0xfffffff0][0xfffffff3][0x19]b9T_[0xffffffbd]M[0xffffffe3][0xffffffad]{[0xffffffae][0xffffffbe]z[0xfffffffd][0xffffffb1][0xffffffea][0xffffff86][0xfffffff3]}[0xffffffec][0xffffff87]e[0xffffffae]>[0x7f][[0xffffff96][0xfffffffb][0xfffffffc]|<^[0xffffffc6][0xfffffff1]r[0xffffffed]N[0xffffffe1][0xffffffa1]k[0xfffffffb]2[0xffffffd7][0x17][0xffffffc8][0xffffffd3][0xfffffffb]K[0xffffffdd][0xffffff8f][0xffffffc7][0x8][0xf]`[0xffffffee][0xffffffb0]t[0xfffffff3][0x2][0xffffffd9]:[0xffffff86],[0x1f][0xffffffe0]7[0xffffffe7][0x3]Y;`b[0xf]g[0xffffffe0][0xffffffd7][0xffffffb1]=[0xffffffcf][0xfffffff5][0xffffffcf][0xfffffff3]8T[0xffffffed]p[0xffffffae][0xfffffffe]?[0xb][0xffffffd7]v^[0xe][0x7f][0xffffffd2][0xffffffcc][0x17]![0xffffffc0][0x7f][0xfffffff6]S[0xfffffff7]:[0xfffffffe][0xfffffffa][0xffffffbc][0x1a][0xffffff9c][0xffffffda][0xffffff8f]d[0x3][0xffffffb2]<a[0xffffff95]t[0xffffffc3]R[0xffffffc3][0xfffffff9][0x1d][0x7f][0xffffffe8][0xffffffae][0xffffffdd][0xffffffd0][0xffffffbf][0xffffffdf][0xfffffffe][0xfffffff5][0xffffff9f][0xffffffe3][0xffffff9c]>[0x1e][0xffffff97][0xffffffe9]}[0xfffffff8]t[0xffffff84]oo[0xffffffe3]p[0xffffffbc]t[0xffffffa7]Oc[0xffffffcc]w[0xfffffffe][0xfffffff9]0[0xffffffbf][0xffffffdf][0xffffffef][0xffffffe3][0xffffffb4][0x4][0xffffffab][0xffffffc1][0xffffffe8]?[0xffffffce][0xffffff97]n[0xffffffb3]x[0xffffff9b];X[0xffffffc7]g[0xffffffeb][0xfffffff6][0xffffffb7][0xfffffff7][0xffffffa9][0xffffffc3]u=t[0xffffffcb]1<[0xfffffffd]o8[0xffffffc6][0xfffffff6][0xffffffcf]8[0xfffffff8]2[0xe][0xfffffffd][0xffffffa5][0xffffff9d]N}{[0xfffffffc][0xffffffe8]^[0xffffffe2][0xffffff86][0xffffffb7]X2[0xffffffc7][0x1b]d[0x6][0xfffffffe][0xffffff9d][0xffffffc7][0xffffffd3]|[0xffffffbc][0xfffffff5][0xffffffd3]4NG,[0xffffff8f]6[0xffffff95][0xffffffc7][0xffffffe7][0xffffffb1][0x18]r[0xffffff94]rW5[0xffffffa9]P[0xffffff82][0x1b]+[0xfffffffd]K[0xffffffc5][0xffffffd5][0x17]X[0xffffffef][0x7f][0xffffff8b][0xfffffff5][0xfffffff3]\}[0x1d]N*UL8[0xffffffc3][0xfffffff0][0x11][0xffffffb2][0x4]1[0xffffffc4][0xfffffffa]}[0xffffffae][0xffffffe2][0xffffff99]E[0xb][0xfffffff0][0xffffffe3][0x1f][0xffffffc6][0xfffffff7][0xffffffe9][0xffffff94]R[0x1][0xffffffa1][0xffffffe5][0xffffffdf][0xffffffd6][0xffffffa7][0xfffffff4][0xffffffeb]z[0xffffff9c].[0xffffffc7][0xfffffff5][0xffffffe8][0xffffff9e][0xffffffe2]3[0xffffff9c][0xffffffab][0x6][0xfffffffe][0xffffffe0]5[0xffffffd1]V[0xffffffea][0xffffffda][0xffffffb3][0xffffff95]K[0xffffffe0][0x12][0xffffffb9][0xffffffb1][0xffffffa2]6r[0xffffffe5][0x2][0xffffffb8][0x8][0xffffff9c][0xffffffeb]Z[0xfffffff9][0xffffff95]s[0xffffffe0][0x1c][0xffffffb9]6[0xffffffb2]6j[0xffffffe5][0xc]8C[0xffffffae][0x1c][0xffffffaf][0xffffffad]%[0xffffffce]|[0x3][0x7f][0xffffff81][0xffffff83]y[0xffffffbb]>[0xffffffcf][0x1c]p[0xffffff87]\j_[[0xffffffbe]r[0xb][0xffffffdc][0x6][0xffffffce]Tm[0xffffffc4][0xffffffca][\r]p[0xffffff83]\(_[0xffffff9b][0xffffffed]y[\r]\#[0xffffffe7]^[0xffffffc3][0xffffff97]+[0xffffff87]xY[0xffffff88][0x17][0xffffffc3][0xffffffb0][0xffffffab][0xffffffff][0xc][0xffffffe2]e!^fX[0xffffffcd][0xffffffe5][0xffffffe6][0x10][0x4][0xffffffcc]B[0xffffffc0][0xc][0xfffffff6][0xffffffcb][0xc]@[0xffffffc0][0xc][0x3]V^[0xfffffff3]Zm[0x1c][0x2]f[0x18][0xffffffb0]r[0xffffffde][0xffffffd4][0xffffff86][0x12][0xffffffea]}[0xffffffe3]}[0xffffffa0]J[0xffffff81]m[0xffffffa2][0xffffffae][0xfffffff1][0x18][0xffffffac][0xffffffb2][0xffffffda][0xffffffd5]`[0xffffff86][0xffffffb0]m<[0xffffffc6][0xffffffaa][0xffffff8c][0x17][[0xe][0xffffffbc]i[0xffffffbc][0x9][0xffffffd4][0xffffffa8]Zi[0xffffffa2][0xffffffba][0xfffffff1]:P[0xffffffe9]jC[0xfffffff1]x[0xffffffd5]x[0x15]($[0x7][0xe][0xffffff92][0xffffffb0]l<[0x6][0xffffffa9][0xffffffb4][0xffffffb5][0xffffffdb][0xffffffa1]z[0xffffffd1]x[0x11]([0x1c])d[0xffffff99]0o|[0x8]PA[0x5]@[0xffffffac][0xffffff84]Y[0xffffffe3]C|J[0xffffffb2]ZP[0xffffff9e][0xffffff9c]o\[0xffffff88]O[0xffffffc2]?A;;[0xffffffd7][0xffffffb8][0x10][0xffffff9f][0x14][0xffffffaa][0xfffffff6][0xffffff86][0xffffffa8]m\[0x8]O8V;G[0xffffffd4]4.[0xffffff84]'[0x14][0xffffffec]K[0xffffffa9]p[0xffffffba]q!<[0xffffffee]d[0xffffffed][0xffffffc8]5[0xffffffa7][0x1a][0x17][0xffffffc2][0xffffffe3][0xffffffca][0xffffffd6][0xffffff92]r[0xffffffec]d[0xffffffe3]Btx[0xffffff92][0xffffff92]R[0xffffffe1]x[0xffffffe3]B[0x18][0xc]2[0xffffffcf][0xffffffe5]j[0xffffff8e]5[0xe][0xffffffc3][0xffffff90][0x1e]|[0xffffff81][0x12]J[0xffffffd8][0xfffffffa][0xffffffc6][0xfffffffa][0xffffff80][0xffffff95][0xffffffae][0xffffffe5]J]c][0xffffffa0]P;PW[0xffffff84]mc1[0x10][0xffffffe9][0xc][0xffffffbc][0xb][0xffffffe4][0xffffff86]5[0xffffff8d]5[0xffffff81]B[0xffffff81]s[0xffffffb1][0xffffffee][0xffffffa1][0x1b][0xffffff8b][0xffffff91]Hk[0xffffffa1][0xffffffc0][0xffffffb6][0xffffffa7]UcU[0xffffffc0][0x2][0xffffffea][0xffffff97][0xffffffa0]l,F"[\r][0x4]d[0xffffffc8]e+[0x1a][0x1]'J+[0xfffffffe][0xffffffb0]b[0xffffffb8]"[0xffffffc7][0xffffff8c][0xffffffc7][0x15][0xffffff9d][0xffffff8d]q[0xffffffb8][0xffffffa2][0xffffff8c][0x1a][0xffffff8b]+:McpE[0xffffffce][0x18][\r][0xffffffab]5EF[0xffffffe1][0xffffff8a]rn$[0xffffffae][0xffffffc8][0xffffff9e]A_[0xffffffe4]j[0xf]}Y[0xffffffdf][0x19][0xffffff83][0xffffffbe]H[0xfffffff9][0xffffffd0][0xffffffd5][0xffffffbe][0x1d][0x7f][0xffffffeb][0xffffffaf][0xffffffd7][0xffffff96][0xffffffee][0xffffff89][0xffffffac][0xffffff95]e[0x1d][0xffffffbe][0xffffffe8]d[0xffffffe1][0xffffffde][0xffffff8a][0xffffffd7][0x14][0xffffffb6][0xffffffe5][[0xffffffdc][0xffffffe2][0xffffffe1]z[0xffffff98][0xffffffe0][0x2]i[0xffffffe1][0x16][0x7f]z[0xffffff8d][0xfffffffb]r![0x1a]H[0x1b]$t#|G[0x18][0x12][0xffffff99][0x11][0xffffffee]w[0xffffffc4][0xffffffed][0xffffff88][0xffffffdd][0x11][0xffffffb3]#zG[0xffffffd4][0xffffff8e][0xffffffc8][0x1d][0x11];[0xffffffc2]w$[0xfffffff8],j[0xffffffb1][0x12][0xffffffe6]#[0xffffffd9][0xffffff9e]anG[0xffffffec][0xffffff8e][0xffffff98][0x1d][0xffffffd1];[0x12]|[0xffffffe6]9[0xffffff91];"v[0xffffff84][0xffffffef][0x8]+[0xffffff88][0xfffffff7]%p%[0xffffffb0]%0%[0xffffffd0]%([0xffffffbd][0xfffffff5][0xffffffa5][0xffffffb3][0xffffffbe][0xfffffff4][0xffffffd5][0xffffff97][0xffffffae]z[0xfffffff4][0x14][0xffffffde][0xffffffbf][0xc][0xffffffd4][0xffffffa0][\n]"
20:21:11.661 [main] DEBUG org.apache.hc.client5.http.wire - http-outgoing-0 << "[0xffffffdf][0x7f][0xffffff8d][0xffffff98][0x13]v[0xffffffbe]x[0xffffffce][0xffffffb9][0x12][0xffffffd8][0x12][0xffffff98][0x12][0xffffffe8][0x12][0xffffffa8][0x12]`[0x0][0xffffffc2]e@[0xffffff94][0x0][0x3][0x10]6[0x3][0xffffffac][0x0][0xffffffd6][0xffffff97] xj2`K`J[0xffffffa0]K[0xffffffa0]J K J[0xffffffc0]K[0xffffffc0][\n]"
20:21:11.661 [main] DEBUG org.apache.hc.client5.http.wire - http-outgoing-0 << "`|[0x9][0xffffff82][0xffffffa7]:[0x3][0xffffffc1][0xffffffd3][0xffffffec][\r]6[0xffffffa6][0x4][0xffffffba][0x4][0xffffffc1][0xffffffd3][0xffffffec][0x5]2[0xffffffb2][0x4][0xffffffc1][0xffffffd3][0xffffffac][0xffffffec]M[0xfffffff0]4+[\n]"
20:21:11.661 [main] DEBUG org.apache.hc.client5.http.wire - http-outgoing-0 << "[0xffffffc3][\n]"
20:21:11.662 [main] DEBUG org.apache.hc.client5.http.wire - http-outgoing-0 << "[0xffffffa0]}[0x9]\[0x9]l[0x9][0xffffff82][0xffffffa7],[0x3][0xffffff9a]@[0xffffffde][0x1d][0xffffffa3]&[0xffffffdc]zb[0xffffffa6][0x1f][0xffffffff]wO[0xc][0xf][0xffffffce][0xffffffe3][0xffffffeb][0xfffffff2][0xffffffd1]N]\[0xffffff91][0xffffffde]+;d[0xfffffff8]2[0xffffffe8](t[0x10][0xffffff94][0xffffff8c][0xffffffb1][0xffffffe1][0x1a]J[0x1c]t[0x14][0xffffffba][0x5][0xffffff8a][0x5]t[0xffffff8a]`+[0x7][0x1d][0xffffffc5]}[0xffffffe0]p!r[0xffffffb8][0xffffffef][0x13]G[0xffffffdd][0x18]t[0xffffff9a][0x7]E[0xffffffe1]<a[0xffffff94][0xffffff8d]A[0xffffffa6]y[0xffffff90]#\[\n]"
20:21:11.662 [main] DEBUG org.apache.hc.client5.http.wire - http-outgoing-0 << "[0xffffffe2]([0x1b][0xffffff83]Ls[0xffffffb0][0xffffff8d][0xffffffb7][0xffffff84]Q5[0x6][0xffffff95]f[0xffffffe1][0xffffff8d][0xffffffe3] u[0x12]g[0xffffffb9]*[0xffffff85][0xffffffe6][0x17]9[0xfffffff4][0xffffff8f]L[0xffffff94]r[0xffffff91][0xffffffb6][0xffffff81].[0xffffff92]iRG[0xffffffd4]>(R[0xffffff9d][0xffffffa8][0xffffffc9][0xfffffff5]([0xffffffa7]8[0xffffffbd][0xffffffce][0xffffffe5](d"a[0xffffff95][0xffffffab]Q[0xffffff9f][0xffffffa2][0xfffffff4]"
20:21:11.663 [main] DEBUG org.apache.hc.client5.http.wire - http-outgoing-0 << "2[0xffffffd7][0xffffffa2] `"[0x15][0xffffffb9][0x12][0xffffff85][0xffffffa4]%[0xffffffcc]s![0xffffff8a][0x1a]/b[0xffffff96][0xffffffeb]P[0xffffff97][0x2]w>W[0xffffffa1][0xffffffc6]$[0xffffffea][\n]"
20:21:11.663 [main] DEBUG org.apache.hc.client5.http.wire - http-outgoing-0 << "[0x9][0x1a][0xffffffa9][0xffffffcd][0x5][0xffffffa8]I[0x7][0xffffffe3]L.?[0xffffffd7][0x14]A[0xffffffd3]y[0xffffff90][0xffffff9f][0x11][0xffffffaa]L}[0xffffffba][0xffffffe4][0x18]4[0xffffff9f][0x7][0xffffffed][0x19][0xffffffa1]x[0xffffff94][0xffffff9e][0x11][0xfffffff2]Lyj[0xffffffb2][0xffffffcf]2[0xffffffe1]I[0xffffffae]B3z[0xffffff90][0xffffff9d][0x11][0xffffffba]BuFj3[0xffffffd1]i[0x9][0xffffff9a]Lr[0xffffffba]d[0x1e][0xffffffba][0xffffffd3][0xffffffa6]8[0xffffffc9]{[0xffffffe8]P[0xffffff9b][0xffffffe0][0xffffff84][0x4]'*3[0xffffffc1]ihS[0xffffff91][0xffffffe9]M[0xffffff97][0xe][0x1c][0xffffffda][0xffffffd5]&7[0xffffffd7][0xffffffc3][0xffffff82][0xffffff9e][0xffffffb5][0xffffffc9]M[0xffffffaa]u[0xffffffe8][[0xffffff9b][0xffffffda][0xffffffa4][0xffffff8a][0xffffff86][0xffffffde][0xffffff95][0xffffff89]M[0xffffff9e]B[0xffffff85][0x6][0xffffff96]k[0xffffffcd]d[0xb][0xffffffba][0xffffffd8]&5-[0xffffffed][0xffffffaa]3[0xffffffa5]I[0xffffffa5][0xc][0xffffffdd]l[0xffffffd3][0xffffff99]kqBK[0xffffffcb]t&[0xffffffbd]j[0xffffffd0][0xffffffd7]2[0xffffff99][0xffffffb9][0xffffffda]J[0xfffffff2]0,[0xffffffb4][0xffffffcf][0x17]I[0x1c][0xffffffc6]E[0xffffffd2][0xffffff86]q[0xffffff91][0xffffffa4]a\$e[0x18][0x17]I[0x18][0xffffffc6]E[0xffffffd2][0xffffff85]q[0xffffff91]da\[0xfffffff0][0xffffffa8][0x3][0xffffffe3][0xffffff82]e[0xb][0xffffff85][0x1e][0xffffff90][0xffffffc7][\n]"
20:21:11.663 [main] DEBUG org.apache.hc.client5.http.wire - http-outgoing-0 << "=[0xffffff90][0xffffffc9][0xffffff8e]B[0xf]DJ[0xffffff86]2q[0xfffffff1] $[0xfffffffb][0xffffffd3]4b[0xffffffc7][0xb][0xffffffd3][0x7f][0xffffffd6]3[0xfffffff3][0xfffffff1][0xffffffff][0xf][0xffffff9a][0xffffffe6][0xffffffb9][0xfffffffb][0xffffffa5][0xffffffbb][0xffffffe2][0xffffffae][0xfffffff5][0xffffff8d]v[0x8][0x1d][0xffffffb4][0x1b][0xe][0xffffffef]8[0xffffffca]'v[0xffffffc0]M[0xffffff8e][0xffffffcb]8^[0xffffffe7]m[0xfffffff8]?>![0xffffffdd]fe[0xffffffee][0xffffffe0]&[0xffffffe1].Q[0xffffff9a][0xffffff94][0xffffffb9][0x5]![0xf][0xffffff99][0xffffff8c][0xffffff94][0xffffffe6]dnE([0xffffffe4]HiJ[0xffffffe6][0xffffffc6]p[0xffffff9c]b#[0xffffffa5][0x19][0xffffff99]k[0xffffffa8][0xf][0xffffffc8]^[0xffffffa0][0xffffffeb][0xffffff84][0xffffffcc]54Z[0xffffff9b][0xffffffac][0xffffffad][0xfffffff3]1W[0x6][0xfffffff6]5[0xffffff89][0xffffffd2]t[0xc][\r][0x1d][0xffffffef][0xfffffffc][0x8]i4[0xffffffe6][0xffffffd2][0xffffffe2][\r][0xffffff9b]([\r][0xffffffc6]0[0xffffffe3]J[0xffffffe8]`[0xffffff89][0xffffffd2]X[0xffffffcc][0x5][0xffffffbc][0xffffffa9][0xffffff96]v[0xffffffa0][0xffffffa1][0x18][0xffffffa6][0x18][0xffffffb5][0x6][0xffffffb1]N[0xffffffc4]p[0x1b]h[0xffffff9c]2"[0xffffffa5]y[0x18][0xffffffae][0x17][0xffffffb6][0xffffffed]K[0xffffffd3]0\[0x16][0x1a]g2[0xffffffa4]4[0xb]C[0xffffffeb][0xffffffc7]F[0x11]Y[0xffffff9a][0xffffff84]9F[0xffffff97][0x12]Cc0[0xffffff84]&V[0xffffff96][0xffffff86]`[0xffffff88]A[0xffffffad],[0xffffff8d][0xffffffc0][0xffffffe0][0xffffffd5]j[0xffffff99][0x6]`[0xf]=F[0xfffffff2][0xffffff88][0xffffffd2][0xfffffff0][0xffffffeb]![0xfffffff5]2=[0xffffff95]&_[0xffffffcf]6[0x3]i[0xffffffea]u[0xffffffd8][0xffffffe9][0xffffffd2][0xf][0xffffffd3][0xffffffc4][0xffffffeb] [0xffffffb0]Hh[0xffffffda][0xffffffc5][0x13][0xffffff8f][0x7]C[0xffffff93][0xffffffae][0xffffff85][0xffffffdc][0xffffffa6][0xffffff9f][0xffffffd1][0xffffff98]k[0xffffff8c]OGB#[0xffffffae][0xffffff81][0xffffff92]01[0x17]4[0xffffffdf]jLpz*[\r][0xffffffb7]:[0x8][0xffffff9a]@h[0xffffffb0][0xffffff85][0xffffffd6][0xffffffa0][0xffffff93]=[0xffffffe8]^[0xffffffb1]{z[0xfffffff2][0xffffff89][0xffffffe6]\[0xffffffb8]g[0xffffffd3]Q[0xffffffad]3.D[0xc]u[0x17][0xffffffd8]:[0xffffffe0]b[0xffffffcd]F[0xffffff92][0xffffff86][a[0xffffffa9]th[0xffffffae][0x15]r%i[0xffffffa6][0xffffffc5][0xffffffb6][0xffffff98]H[0x1a]g[0xffffffb9]D[0xffffffb9][0x10][0xffffff90]R[0xffffffcd]}[0xffffffea][0xe][0xfffffffd]0/[0xffffffed][0xfffffff5][0xffffffda][0xffffff9d]#[0x14][0xffffff8d][0xffffffc1][0xffffff9b]][0xffffffc6]:Q[0xffffffbc][0xffffff81][0x16]f[0xffffff84][0xffffff8f][0xffffffe1]+[0xffffffd6]@[0xffffff9f][0xffffff84][0xffffffdb].[0xffffff9e][0xffffff87]t[\r][0xffffffbc]XJ[0xfffffffa][0xffffffb8][0x14][0xffffffd8]t[0xffffffe0][0xffffffa4]][0xffffffac][0x11][0xffffff98][0xffffffdb][0xfffffff0][0xffffffca][0xffffff86]~[0xfffffffd][0xfffffff4];2[0x18][0xfffffffe][0xffffff94][0xffffff82][0x16][0x0][0x0]"
20:21:11.664 [main] DEBUG org.apache.hc.client5.http.impl.classic.InternalHttpClient - ep-0000000001 releasing valid endpoint
20:21:11.664 [main] DEBUG org.apache.hc.client5.http.impl.io.PoolingHttpClientConnectionManager - ep-0000000001 releasing endpoint
20:21:11.664 [main] DEBUG org.apache.hc.client5.http.impl.io.PoolingHttpClientConnectionManager - ep-0000000001 connection http-outgoing-0 can be kept alive for 3 MINUTES
20:21:11.664 [main] DEBUG org.apache.hc.client5.http.impl.io.PoolingHttpClientConnectionManager - ep-0000000001 connection released [route: {s}->https://raw.githubusercontent.com:443][total available: 1; route allocated: 1 of 5; total allocated: 1 of 25]
20:21:11.664 [main] DEBUG io.github.bonigarcia.wdm.versions.VersionDetector - Driver for firefox130 not found in online properties (using local versions.properties)
20:21:11.665 [main] DEBUG io.github.bonigarcia.wdm.WebDriverManager - The driver version for FIREFOX 130 is unknown ... trying with latest
20:21:11.666 [main] INFO io.github.bonigarcia.wdm.WebDriverManager - Reading https://api.github.com/repos/mozilla/geckodriver/releases to seek geckodriver
20:21:11.670 [main] DEBUG org.apache.hc.client5.http.impl.classic.InternalHttpClient - ex-0000000003 preparing request execution
20:21:11.670 [main] DEBUG org.apache.hc.client5.http.protocol.RequestAddCookies - ex-0000000003 Cookie spec selected: strict
20:21:11.670 [main] DEBUG org.apache.hc.client5.http.protocol.RequestAuthCache - ex-0000000003 Auth cache not set in the context
20:21:11.670 [main] DEBUG org.apache.hc.client5.http.impl.classic.ProtocolExec - ex-0000000003 target auth state: UNCHALLENGED
20:21:11.670 [main] DEBUG org.apache.hc.client5.http.impl.classic.ProtocolExec - ex-0000000003 proxy auth state: UNCHALLENGED
20:21:11.670 [main] DEBUG org.apache.hc.client5.http.impl.classic.ConnectExec - ex-0000000003 acquiring connection with route {s}->https://api.github.com:443
20:21:11.670 [main] DEBUG org.apache.hc.client5.http.impl.classic.InternalHttpClient - ex-0000000003 acquiring endpoint (3 MINUTES)
20:21:11.670 [main] DEBUG org.apache.hc.client5.http.impl.io.PoolingHttpClientConnectionManager - ex-0000000003 endpoint lease request (3 MINUTES) [route: {s}->https://api.github.com:443][total available: 1; route allocated: 0 of 5; total allocated: 1 of 25]
20:21:11.671 [main] DEBUG org.apache.hc.client5.http.impl.io.PoolingHttpClientConnectionManager - ex-0000000003 endpoint leased [route: {s}->https://api.github.com:443][total available: 1; route allocated: 1 of 5; total allocated: 2 of 25]
20:21:11.671 [main] DEBUG org.apache.hc.client5.http.impl.io.PoolingHttpClientConnectionManager - ex-0000000003 acquired ep-0000000002
20:21:11.671 [main] DEBUG org.apache.hc.client5.http.impl.classic.InternalHttpClient - ex-0000000003 acquired endpoint ep-0000000002
20:21:11.671 [main] DEBUG org.apache.hc.client5.http.impl.classic.ConnectExec - ex-0000000003 opening connection {s}->https://api.github.com:443
20:21:11.671 [main] DEBUG org.apache.hc.client5.http.impl.classic.InternalHttpClient - ep-0000000002 connecting endpoint (30 SECONDS)
20:21:11.671 [main] DEBUG org.apache.hc.client5.http.impl.io.PoolingHttpClientConnectionManager - ep-0000000002 connecting endpoint to https://api.github.com:443 (30 SECONDS)
20:21:11.755 [main] DEBUG org.apache.hc.client5.http.impl.io.DefaultHttpClientConnectionOperator - http-outgoing-1 connecting to api.github.com/140.82.113.6:443
20:21:11.755 [main] DEBUG org.apache.hc.client5.http.ssl.SSLConnectionSocketFactory - Connecting socket to api.github.com/140.82.113.6:443 with timeout 30 SECONDS
20:21:11.842 [main] DEBUG org.apache.hc.client5.http.ssl.SSLConnectionSocketFactory - Enabled protocols: [TLSv1.3, TLSv1.2]
20:21:11.842 [main] DEBUG org.apache.hc.client5.http.ssl.SSLConnectionSocketFactory - Enabled cipher suites: [TLS_AES_256_GCM_SHA384, TLS_AES_128_GCM_SHA256, TLS_CHACHA20_POLY1305_SHA256, TLS_ECDHE_ECDSA_WITH_AES_256_GCM_SHA384, TLS_ECDHE_ECDSA_WITH_AES_128_GCM_SHA256, TLS_ECDHE_ECDSA_WITH_CHACHA20_POLY1305_SHA256, TLS_ECDHE_RSA_WITH_AES_256_GCM_SHA384, TLS_ECDHE_RSA_WITH_CHACHA20_POLY1305_SHA256, TLS_ECDHE_RSA_WITH_AES_128_GCM_SHA256, TLS_DHE_RSA_WITH_AES_256_GCM_SHA384, TLS_DHE_RSA_WITH_CHACHA20_POLY1305_SHA256, TLS_DHE_DSS_WITH_AES_256_GCM_SHA384, TLS_DHE_RSA_WITH_AES_128_GCM_SHA256, TLS_DHE_DSS_WITH_AES_128_GCM_SHA256, TLS_ECDHE_ECDSA_WITH_AES_256_CBC_SHA384, TLS_ECDHE_RSA_WITH_AES_256_CBC_SHA384, TLS_ECDHE_ECDSA_WITH_AES_128_CBC_SHA256, TLS_ECDHE_RSA_WITH_AES_128_CBC_SHA256, TLS_DHE_RSA_WITH_AES_256_CBC_SHA256, TLS_DHE_DSS_WITH_AES_256_CBC_SHA256, TLS_DHE_RSA_WITH_AES_128_CBC_SHA256, TLS_DHE_DSS_WITH_AES_128_CBC_SHA256, TLS_ECDH_ECDSA_WITH_AES_256_GCM_SHA384, TLS_ECDH_RSA_WITH_AES_256_GCM_SHA384, TLS_ECDH_ECDSA_WITH_AES_128_GCM_SHA256, TLS_ECDH_RSA_WITH_AES_128_GCM_SHA256, TLS_ECDH_ECDSA_WITH_AES_256_CBC_SHA384, TLS_ECDH_RSA_WITH_AES_256_CBC_SHA384, TLS_ECDH_ECDSA_WITH_AES_128_CBC_SHA256, TLS_ECDH_RSA_WITH_AES_128_CBC_SHA256, TLS_ECDHE_ECDSA_WITH_AES_256_CBC_SHA, TLS_ECDHE_RSA_WITH_AES_256_CBC_SHA, TLS_ECDHE_ECDSA_WITH_AES_128_CBC_SHA, TLS_ECDHE_RSA_WITH_AES_128_CBC_SHA, TLS_DHE_RSA_WITH_AES_256_CBC_SHA, TLS_DHE_DSS_WITH_AES_256_CBC_SHA, TLS_DHE_RSA_WITH_AES_128_CBC_SHA, TLS_DHE_DSS_WITH_AES_128_CBC_SHA, TLS_ECDH_ECDSA_WITH_AES_256_CBC_SHA, TLS_ECDH_RSA_WITH_AES_256_CBC_SHA, TLS_ECDH_ECDSA_WITH_AES_128_CBC_SHA, TLS_ECDH_RSA_WITH_AES_128_CBC_SHA, TLS_RSA_WITH_AES_256_GCM_SHA384, TLS_RSA_WITH_AES_128_GCM_SHA256, TLS_RSA_WITH_AES_256_CBC_SHA256, TLS_RSA_WITH_AES_128_CBC_SHA256, TLS_RSA_WITH_AES_256_CBC_SHA, TLS_RSA_WITH_AES_128_CBC_SHA, TLS_EMPTY_RENEGOTIATION_INFO_SCSV]
20:21:11.843 [main] DEBUG org.apache.hc.client5.http.ssl.SSLConnectionSocketFactory - Starting handshake
20:21:11.950 [main] DEBUG org.apache.hc.client5.http.ssl.SSLConnectionSocketFactory - Secure session established
20:21:11.950 [main] DEBUG org.apache.hc.client5.http.ssl.SSLConnectionSocketFactory -  negotiated protocol: TLSv1.3
20:21:11.950 [main] DEBUG org.apache.hc.client5.http.ssl.SSLConnectionSocketFactory -  negotiated cipher suite: TLS_AES_128_GCM_SHA256
20:21:11.950 [main] DEBUG org.apache.hc.client5.http.ssl.SSLConnectionSocketFactory -  peer principal: CN=*.github.com
20:21:11.950 [main] DEBUG org.apache.hc.client5.http.ssl.SSLConnectionSocketFactory -  peer alternative names: [*.github.com, github.com]
20:21:11.950 [main] DEBUG org.apache.hc.client5.http.ssl.SSLConnectionSocketFactory -  issuer principal: CN=Sectigo ECC Domain Validation Secure Server CA, O=Sectigo Limited, L=Salford, ST=Greater Manchester, C=GB
20:21:11.950 [main] DEBUG org.apache.hc.client5.http.impl.io.DefaultHttpClientConnectionOperator - http-outgoing-1 connection established 192.168.0.108:56149<->140.82.113.6:443
20:21:11.950 [main] DEBUG org.apache.hc.client5.http.impl.io.PoolingHttpClientConnectionManager - ep-0000000002 connected http-outgoing-1
20:21:11.950 [main] DEBUG org.apache.hc.client5.http.impl.classic.InternalHttpClient - ep-0000000002 endpoint connected
20:21:11.950 [main] DEBUG org.apache.hc.client5.http.impl.classic.MainClientExec - ex-0000000003 executing GET /repos/mozilla/geckodriver/releases HTTP/1.1
20:21:11.951 [main] DEBUG org.apache.hc.client5.http.impl.classic.InternalHttpClient - ep-0000000002 start execution ex-0000000003
20:21:11.951 [main] DEBUG org.apache.hc.client5.http.impl.io.PoolingHttpClientConnectionManager - ep-0000000002 executing exchange ex-0000000003 over http-outgoing-1
20:21:11.951 [main] DEBUG org.apache.hc.client5.http.headers - http-outgoing-1 >> GET /repos/mozilla/geckodriver/releases HTTP/1.1
20:21:11.951 [main] DEBUG org.apache.hc.client5.http.headers - http-outgoing-1 >> user-agent: Apache-HttpClient/5.0
20:21:11.951 [main] DEBUG org.apache.hc.client5.http.headers - http-outgoing-1 >> accept-encoding: gzip, deflate, br
20:21:11.951 [main] DEBUG org.apache.hc.client5.http.headers - http-outgoing-1 >> cache-control: max-age=0
20:21:11.951 [main] DEBUG org.apache.hc.client5.http.headers - http-outgoing-1 >> connection: keep-alive
20:21:11.951 [main] DEBUG org.apache.hc.client5.http.headers - http-outgoing-1 >> Host: api.github.com
20:21:11.951 [main] DEBUG org.apache.hc.client5.http.wire - http-outgoing-1 >> "GET /repos/mozilla/geckodriver/releases HTTP/1.1[\r][\n]"
20:21:11.951 [main] DEBUG org.apache.hc.client5.http.wire - http-outgoing-1 >> "user-agent: Apache-HttpClient/5.0[\r][\n]"
20:21:11.951 [main] DEBUG org.apache.hc.client5.http.wire - http-outgoing-1 >> "accept-encoding: gzip, deflate, br[\r][\n]"
20:21:11.951 [main] DEBUG org.apache.hc.client5.http.wire - http-outgoing-1 >> "cache-control: max-age=0[\r][\n]"
20:21:11.951 [main] DEBUG org.apache.hc.client5.http.wire - http-outgoing-1 >> "connection: keep-alive[\r][\n]"
20:21:11.951 [main] DEBUG org.apache.hc.client5.http.wire - http-outgoing-1 >> "Host: api.github.com[\r][\n]"
20:21:11.951 [main] DEBUG org.apache.hc.client5.http.wire - http-outgoing-1 >> "[\r][\n]"
20:21:12.247 [main] DEBUG org.apache.hc.client5.http.wire - http-outgoing-1 << "HTTP/1.1 200 OK[\r][\n]"
20:21:12.247 [main] DEBUG org.apache.hc.client5.http.wire - http-outgoing-1 << "Date: Sun, 06 Oct 2024 01:21:15 GMT[\r][\n]"
20:21:12.247 [main] DEBUG org.apache.hc.client5.http.wire - http-outgoing-1 << "Content-Type: application/json; charset=utf-8[\r][\n]"
20:21:12.247 [main] DEBUG org.apache.hc.client5.http.wire - http-outgoing-1 << "Cache-Control: public, max-age=60, s-maxage=60[\r][\n]"
20:21:12.247 [main] DEBUG org.apache.hc.client5.http.wire - http-outgoing-1 << "Vary: Accept,Accept-Encoding, Accept, X-Requested-With[\r][\n]"
20:21:12.247 [main] DEBUG org.apache.hc.client5.http.wire - http-outgoing-1 << "ETag: W/"9632a5bbc48d2d95045a834dce1cdf3a25560ad18a800fc5826741a659be23ad"[\r][\n]"
20:21:12.247 [main] DEBUG org.apache.hc.client5.http.wire - http-outgoing-1 << "X-GitHub-Media-Type: github.v3; format=json[\r][\n]"
20:21:12.247 [main] DEBUG org.apache.hc.client5.http.wire - http-outgoing-1 << "Link: <https://api.github.com/repositories/25354393/releases?page=2>; rel="next", <https://api.github.com/repositories/25354393/releases?page=2>; rel="last"[\r][\n]"
20:21:12.247 [main] DEBUG org.apache.hc.client5.http.wire - http-outgoing-1 << "x-github-api-version-selected: 2022-11-28[\r][\n]"
20:21:12.247 [main] DEBUG org.apache.hc.client5.http.wire - http-outgoing-1 << "Access-Control-Expose-Headers: ETag, Link, Location, Retry-After, X-GitHub-OTP, X-RateLimit-Limit, X-RateLimit-Remaining, X-RateLimit-Used, X-RateLimit-Resource, X-RateLimit-Reset, X-OAuth-Scopes, X-Accepted-OAuth-Scopes, X-Poll-Interval, X-GitHub-Media-Type, X-GitHub-SSO, X-GitHub-Request-Id, Deprecation, Sunset[\r][\n]"
20:21:12.247 [main] DEBUG org.apache.hc.client5.http.wire - http-outgoing-1 << "Access-Control-Allow-Origin: *[\r][\n]"
20:21:12.247 [main] DEBUG org.apache.hc.client5.http.wire - http-outgoing-1 << "Strict-Transport-Security: max-age=31536000; includeSubdomains; preload[\r][\n]"
20:21:12.247 [main] DEBUG org.apache.hc.client5.http.wire - http-outgoing-1 << "X-Frame-Options: deny[\r][\n]"
20:21:12.247 [main] DEBUG org.apache.hc.client5.http.wire - http-outgoing-1 << "X-Content-Type-Options: nosniff[\r][\n]"
20:21:12.247 [main] DEBUG org.apache.hc.client5.http.wire - http-outgoing-1 << "X-XSS-Protection: 0[\r][\n]"
20:21:12.247 [main] DEBUG org.apache.hc.client5.http.wire - http-outgoing-1 << "Referrer-Policy: origin-when-cross-origin, strict-origin-when-cross-origin[\r][\n]"
20:21:12.247 [main] DEBUG org.apache.hc.client5.http.wire - http-outgoing-1 << "Content-Security-Policy: default-src 'none'[\r][\n]"
20:21:12.247 [main] DEBUG org.apache.hc.client5.http.wire - http-outgoing-1 << "Content-Encoding: gzip[\r][\n]"
20:21:12.248 [main] DEBUG org.apache.hc.client5.http.wire - http-outgoing-1 << "Server: github.com[\r][\n]"
20:21:12.248 [main] DEBUG org.apache.hc.client5.http.wire - http-outgoing-1 << "X-RateLimit-Limit: 60[\r][\n]"
20:21:12.248 [main] DEBUG org.apache.hc.client5.http.wire - http-outgoing-1 << "X-RateLimit-Remaining: 59[\r][\n]"
20:21:12.248 [main] DEBUG org.apache.hc.client5.http.wire - http-outgoing-1 << "X-RateLimit-Reset: 1728181275[\r][\n]"
20:21:12.248 [main] DEBUG org.apache.hc.client5.http.wire - http-outgoing-1 << "X-RateLimit-Resource: core[\r][\n]"
20:21:12.248 [main] DEBUG org.apache.hc.client5.http.wire - http-outgoing-1 << "X-RateLimit-Used: 1[\r][\n]"
20:21:12.248 [main] DEBUG org.apache.hc.client5.http.wire - http-outgoing-1 << "Accept-Ranges: bytes[\r][\n]"
20:21:12.248 [main] DEBUG org.apache.hc.client5.http.wire - http-outgoing-1 << "Transfer-Encoding: chunked[\r][\n]"
20:21:12.248 [main] DEBUG org.apache.hc.client5.http.wire - http-outgoing-1 << "X-GitHub-Request-Id: DB55:23B8F3:8947D:FD774:6701E60B[\r][\n]"
20:21:12.248 [main] DEBUG org.apache.hc.client5.http.wire - http-outgoing-1 << "[\r][\n]"
20:21:12.248 [main] DEBUG org.apache.hc.client5.http.wire - http-outgoing-1 << "3F1A[\r][\n]"
20:21:12.248 [main] DEBUG org.apache.hc.client5.http.wire - http-outgoing-1 << "[0x1f][0xffffff8b][0x8][0x0][0x0][0x0][0x0][0x0][0x0][0x3][0xffffffec][0xffffffbd][0xffffffed]v[0xffffffdb]H[0xffffff96][0xffffffa6]{+[0x18][0xffffffb9][0xfffffffb][0xffffff94]=m[0xffffff92][0x0][0xfffffff8][0xffffffcd]S[0xffffffd9][0xffffffb5][0xffffff9c][0xffffff96][0xffffff9d][0xffffffe5][0xffffffaa][0xffffff94][0xffffffec][0xffffffb4][0xffffffe4][0xffffffcc][0xffffffca]v[0xffffffe6][0x12]A[0x10]$a[0xffffff81][0x4][0xb][0x0]%[0xffffffcb]^yV[0xffffffff][0xffffff9d][0xffffffff][0xffffffe7][0xffffffcf]\[0xffffffc0][0xffffffdc]X_[0xffffffc9][0xffffffbc];>[0xfffffff0]E[0x10]$%B[0xffffffb6][0xffffffd5][0xffffffd1]S[0xffffff9e][0x14]% [0x10][0x8][0x4]^l[0x6][0xfffffff6][0xfffffffb][0xffffffec][0xfffffff7][0xffffff9f][0xffffff8f]V[0xffffff81]w48[0xffffff9a]E[0xffffffd1]2[0x1c]4[0x1a][0xffffffd6][0xffffffd2][0xffffffad]O[0xffffffdd]h[0xffffffb6][0x1a][0xffffffd5]m[0x7f][0xffffffde][0x8][0xffffff9c][0xffffffa5][0x1f]6[0xffffffe6][0xfffffffe]'[0xffffffd7][0xfffffff3][0xffffffac][0xffffffc6][0xffffffd4][0xffffffb1]/[0xfffffffd]q[0xffffffe0]^9[0x1][0xfffffffe][0xffffffe2]9V[0xffffffe8][0xffffff84][\r][0xffffffa3][0xffffffd3][0xffffffeb][0xfffffff5][\r][0xffffffa3][0xffffffd9]<zzd[0xffffff85][0xffffffa1][0x13][0xffffff85][0x17][0x7]k[0xffffffb2][0xffffffc1][0x1b]D[0xffffffcb][0xffffffab][0xffffffa5][0xffffffe7][[0xffffffe3]\[0xffffffcb][0xfffffffc][0xffffff97][0xffffffe1]m;,Z[0xffffffff][0xfffffffc][0xffffff97][0xffffff85]5w[0xffffff9e]z[0xffffffd6][0xffffffc8][0xfffffff1][0xfffffffe][0xffffffc0][0xffffffa1]f[0xffffffd1][0xffffffdc][0xffffffcb][0x1d](5"[0xffffffa5]c[0x11]Y[0xffffffd3][0xffffffc6][0xffffff95]^o[0xffffffb6][0xffffffeb]:[0x1a]r[0xffffffc7]G[0xffffff83]xt08[0xffffffab]h[0xffffffe6][0x7]G[0xffffff83][0xffffffcf]G[0xffffff9e]?u[0x17][0x18][0xfffffff4][0xffffffeb][0xffffff99];[0x1f][0xfffffff9][0xffffffbe][0xffffffdc][0xffffffd4][0xffffffec]w[0xfffffff4][0xffffffe6][0xffffffd3][0xffffffa3][0xffffff85]?v.h[0xffffffdf][0xffffffa3][0xffffff93][0xffffffe3][0xffffff9f]:?[0xffffffff][0xffffffe3][0xffffffd4][0xffffffb3]?[0xffffffbc][0xffffffb8]y}[0xfffffffe][0xffffffeb][0xfffffff5][0xffffffc9][0xfffffff5]w[0xffffffdf][0xffffffd1](_Y[0xffffff91][0x15][0xffffffe4]G[0xffffff99][0xfffffffd]R[0xffffff8e][0xffffffc5]*t[0x2][0xffffffdb]_D[0xffffffce]"b[0xffffffd7]q[0xffffffd5]0X[0xffffffeb][0x7f][0xffffffb9][0xfffffffa][0xffffffae][0xffffff85][0x16][0xffffffa6][0xffffff81]h[0xffffff83][0x1d][0xffffff86][0xffffff86][0xffffffb7]l[0x12]Pca#[0xffffffe9]l[0xfffffff9][0x0]%[0xffffffdb]M|[0xffffffcf][0xfffffff3][0xffffffaf][0xffffffb1]o[0xffffffbe][0xffffffab][0xffffffd9]9[0xffffff96]i[0xffffffbe][0x11][0xffffffef][0xffffff84]^[0xfffffff1][0xffffff9f][0xffffffdd][0xffffffc5]t[0xffffffff][0x6][0xffffffb0][0xffffffd3][0xffffffe7][0xffffff86][0x1f][0xffffffcd][0x1c][0xffffff8c][0x13][0xffffffba]O[0xffffffd7]u[0xffffffea][0xffffff86][0xffffffdb][0xffffffe6]f[0xffffffb6]+l[0xffffff87][0xffffffcf][\r][0xfffffffa][0xf][0xffffffae][0x7]5[0x11]b[0xffffff88][0x3]'?[\r]s[0xfffffff7]L[0xffffffb6][0x11][0xffffffb1][0xb]:s[0xffffffbd]@?>[0xffffffb3][[0xffffff8a][0xffffffb5][0xffffffb5][0x1a][0xffffff85]v[0xffffffe0].#[0xffffffd7]_[0xffffffec]5B[0xffffff99][0x1d][0xffffffd1][0xffffff90][0x1f]L[0xffffffad][0xffffff85][0xfffffffb][0xffffffc9][0xffffffda][0xffffffbb]![0xffffffec][0x18]b[0x7f]v[0xffffff8f][0xffffffef]3[0xffffffc2]l[0x7][0xffffffec][0xffffffe8]\az[0xffffffed][0xffffffb5]'[0xffffffdf][0xffffffe3]sc[0x9][\r][0xffffffb1][0xffffffec][0x1b][0x1a][0xffffff86][0xffffffc0][0xffffffb1][0x1d][0x8][0xffffffca][0xfffffff8]b[0xffffffff][0xffffffd6]r[0xffffffbb][0xffffffa2][0xffffffb1][0xffffffe8]f[0xffffffe9]`B[0xffffffbf][0xffffffc3][0x15][0xffffffa7][0x11]v#[0xffffffe7][0xffffffc2][0x1a][0xffffffcf][0xffffffe9]^[0xffffff9b]X^[0xffffffe8][0xfffffffc][0xffffff91][0xffffffbe][0xffffffb9][0xffffffde][0xffffffbe][0xffffffb8][0xffffffb8][0xffffffbc]>~[0xfffffffd][0xffffffec][0xffffffd7][0x1f][0xffffffa7]s[0xffffffbb][0xfffffff5][0xfffffff7][0x17]o[0x7f][0xffffffec]S[0xb][0xffffffd6][0xfffffff4][0xffffff82][0xffffffe4][0x0][0xffffffad]$72[0xffffffae][0xfffffffa][0xffffffd4][0xffffff89].p#[0xffffffcd][0xffffffdd][0xffffffc8][\r]g[0xfffffff8][0xffffffa3][0xffffff90]?[0xffffffec]![0xffffffb6][0xffffff8e][0xffffffef][0xfffffffa]q`M"q[0xffffffc0][0xffffffa7]G[0xffffffcb][0xffffffc0][0xffffff91][0xffffff9b][0xfffffff2]><=[0xffffffb2][0x3][0xffffffc7][0xffffff8a]p[0xffffffc2][0x16][0xffffffb6]:2u[0xffffffb3]U[0xffffffd3]{5[0xffffffbd]sn[0x18][0xffffff83]v[0x7f]`[0xfffffff6][0xffffffff][0x3][0xffffff8d].W#[0xf][0x7]*[0xffffffda][0xffffffca][0xffffff84][0xffffffa6][0xc][0xffffffda]][0xffffffda]J[0xffffffa8][0xffffffe3][0xffffffe0][0xfffffffd][0xffffffdd]U[0xffffff9c]7[0xffffffd5]0z-Sou[0xffffffcd].Zg[0xfffffff2]%?gF[0xffffffee]Yf[0xffffffe4]j[0xffffff81]I[0xffffffda]/[0xffffffc6]![0xfffffff5][0xffffff8c][0xffffffa8][0xffffff89][0x11][0xffffffac]y[0xffffffee]b[0xfffffff5][0xffffffb1]fY[0xffffff81]=[0xffffffeb][0xffffffb4][0xffffffea][0x18][0xffffffcd][0xfffffffa][0xfffffff4][0x13][0xfffffff6]`[0xffffff8a]{4X[0xffffffac]<O[\n]"
20:21:12.249 [main] DEBUG org.apache.hc.client5.http.wire - http-outgoing-1 << "<[0xffffffae][0xffffff9b][0xffffffd2][0xffffffc7]R=Q[0xfffffffa][0xffffffb8][0x1e][0xffffffa5][0xffffffe4][0x14]7-[0xffffffac][0xffffff98]fJ[0x1f][0xffffffb9][0xffffffb4][0xffffff92][0xffffffba]m[0xffffffd5]G[0x11]4\[0xffffff88]-[0xffffffad][0xffffffe5][0xffffffd2]sm[0xfffffff6]hi|[0xffffffac]M?[0xffffffb9]K[0xffffffb4][0xffffff82]GZD[0x2][0xffffffc9][0xffffffc3]/gL[0xffffffbf]r?[0xffffffe1]7[0xffffffa6][0xffffffd1]l[0x1b]&B[0xffffff98]1[0x1e]v,^[0xffffffb3][0xfffffffd][0xffffffd5][0x2]2[0xffffffd7][0xffffffd5][0xffffff9b][0xffffffdd]V[0xffffff89][0xfffffff2]A[0xffffffd3]Z[0xffffff83]f[0xffffff8b]4m[0xffffffb5][0x1c][0x17][0xffffffab]#[0xffffffdf][0xffffff86][0xffffffa9][0xffffffe3]([0xfffffff0][0xffffffaf]![0xfffffff1][0x17][0xfffffff1]a[0xffffffb2][0xffffffe1][0xffffffcb][0xffffffae][0xffffffd1][0xffffff9a][0xffffffdc]][0xffffff86]l[0xffffffe9][0xfffffff8][0xffffffb6]\[0xffffffbb][0xfffffffe]xzh[0xffffffc5]m[0xffffffc6][0x1]#W[0xffffffdc][0xffffffa6]^[0xffffffae][0xffffffb8][0xffffff9d][0xfffffffd][0x15][0xffffffb7]n[0xffffff85][0xffffffb6]R][0x11]T[0xffffffaa][0xffffffa8][0xffffff94][0x2]Y[0x15][0xffffff95][0xffffffe2][0xffffffeb]W[0xffffffe3][0xffffffcb]G[0xffffffa5]9[0xffffffd5][0xffffff8d][0xffffff9c][0xffffff8f]Qc[0xffffffe9]Y[0x8]\K[0xffffffd4][0xffffffb6][0xffffffd7],P[0xffffffda]NK[0xffffffef]n[0x15]Z&[0xffffffa2][0xffffffdf][0xffffff82][0xffffffd0]2[0xffffffc9][0xffffffaa]@l[\r][0xffffff9c][0x7f]*[0xffffffbc]m[0x1a][0xffffffe5]bK[0xffffffd1][0xfffffff0][0xffffffb6][0xfffffff0][0xffffffb6]i[0xffffffaa][0xffffffc0]V[0xffffffae]f[0xffffffa8]/[0xfffffffe]P[0x15][0xfffffff5][0xffffffc5]?Y4[0xfffffffa][0xfffffffa]$v[0xffffffdf][0xffffffc0][0xffffffb6][0xffffffdf]Al[0xffffffbb][0x1e][0xffffffd8][0xfffffff6][0xfffffff5][0xfffffffe][0xffffffd6][0xffffffb8][0xffffffb6][0xffffffa5]o[0xffffff97][0xffffffdb][0x16][0xffffff8b]}[0xffffffef]=[0xffffffae]MD[0xffffffeb][0xfffffff0]"[0xffffffdb][0xffffffca][0xffffff89]l[0xffffffab]\d[0xffffff9b]/[0xfffffff7][0x11]Y[0x15][0xffffffcb][0xffffffb2]ec%[0xffffffb4]Jh[0xffffffb3][0xffffff8b][0x1f][0xf]*[0xffffff96]5Ms[,[0xffffffcb][0xffffff85][0xffffffb3]<[0xffffff96][0xfffffffd][0xffffffd2][0xffffffe2]ZQ[0x14][0xffffffdb]2[0xffffffb3]Ql[0xb][0xffffff83][0xffffff95][0xffffffbc];z[0xffffff9b]_[0xffffffa4]m[0xfffffffe][0xffffffb0][0xffffff83][0xffffffc0][0xffffffaa][0xffffffe5]Y[0xfffffff5][0xfffffffa]*[0xfffffffd][0xffffffb6]OE[0xffffffb1][0xffffffa9]W[0xffffff9f][0xffffffdf]|[0x14]k[0xffffffb6][0xfffffffa][0xffffffed]Ng=[0xffffff8a]5[0xffffff9b][0xffffffed]V[0xffffffbb][0xffffff83][0x15][0xffffffc7][0xffffff8d][0xffffffaf][0xffffffa6][0xffffffd8][0xffffffe2][0xffffffeb]NZ[0xffffffdb][0xfffffff9]"[0xffffff81]l[0xffffffa2][[0xffffff87][0xf]d[0xffffffdb][0xffffffb9]@[0xffffffb6][0xffffffbd]%[0xffffff90]}[0xffffffb3][0xffffff8f][0xffffffce][0xffffffaa]@V[0x5][0xffffffb2][0xffffffe2][0xffffff91][0xffffffa3][0xffffffb4][0xfffffff6][0xffffffab][0xffffffd6][0xffffffda];,[0xffffffca][0x1a]f[0xffffffaf][0xffffff8d][0xffffffb5][0xffffffda]-[0xffffffea][0xffffffca][0xffffff94]sK$[0xffffffcb]^[0xfffffffb][0xffffffdf][0xfffffffb]2A[0xffffffac][0xffffffae][0x15]E[0xffffffb2]m[0xffffffca][0x1f]H[0xffffffad][0xffffffc7][0xffffffd2]`[0xffffff95]E[0xffffffb2]o[0xffffffcb][0x15]vn[0xffffffd9]~[0xffffffa8][0xffffffd2][\r]x[0x6][0xffffff9f][0xffffff8a]gU<[0xffffff9b][0xffffffe4]s~[0xffffffe5][0xffffff8b][0x5][0xfffffffb][0xffffffad][0xffffffca][0x1a][0xfffffffd]~[0xffffffaf]m[0x16][0xffffffac][0xffffffca][0x1a]F[0xffffffa7][0xffffffdd][0xffffffef]o[0x15]\&[0xffffffa6][[0x4][0xfffffff7][0xffffffde][0xfffffff3][\r][\n]"
20:21:12.249 [main] DEBUG org.apache.hc.client5.http.wire - http-outgoing-1 << "[0xffffffc5][0xffffffab][0xffffff82][0xffffffa0][0xffffffb6][0xffffff97][0xffffff93][0xffffffdc]^[0xffffffb9][0xffffffe4][0xfffffffe][0xffffffb2][0xffffff83][0xffffffe4][0xffffffaa][0x17]`[0xffffffea][0x5]X[0xffffffea][0xffffff9d][0xffffff8f]z[0x1][0xfffffff6][0xffffff80]^[0xffffff80]![0xffffffb5]K[0xffffffd7][0xffffffb1]B[0xffffff90][0xffffffcf][0xffffffec]2LS7[0xffffffa0][0x1d][b[0xffffffdb][0x1d]2[0xe][0xffffffda][0xffffffe6]}[0xffffffc7][0xffffffb6]Lj[0xffffffa5]h[0x1d]^b;[0xffffffb9][0xffffff94].Z`)[0xffffff8b]j[0x7f]-[0xffffff97][0xffffffd8]kw[0x11][0xffffffc7][0xffffffb4]<[0xf]O[0xffffffe5][0xffffffcf]*[0x7f][0xffffff81]Z4[0xfffffff8][0xffffffaa][0x17][\r][0xffffffd2][0x1][0xffffffed][0xffffff96][0xffffffe4]Y[0xffffffa3]c[0xfffffff4][}[0xffffffbc][0xffffffc3][0xffffffc9]KlK7[0xffffffe9][0xffffffd7][0xffffffe5][\n]"
20:21:12.249 [main] DEBUG org.apache.hc.client5.http.wire - http-outgoing-1 << "[0xffffffcb][0xffffffd5]"
20:21:12.249 [main] DEBUG org.apache.hc.client5.http.headers - http-outgoing-1 << HTTP/1.1 200 OK
20:21:12.249 [main] DEBUG org.apache.hc.client5.http.headers - http-outgoing-1 << Date: Sun, 06 Oct 2024 01:21:15 GMT
20:21:12.249 [main] DEBUG org.apache.hc.client5.http.headers - http-outgoing-1 << Content-Type: application/json; charset=utf-8
20:21:12.249 [main] DEBUG org.apache.hc.client5.http.headers - http-outgoing-1 << Cache-Control: public, max-age=60, s-maxage=60
20:21:12.249 [main] DEBUG org.apache.hc.client5.http.headers - http-outgoing-1 << Vary: Accept,Accept-Encoding, Accept, X-Requested-With
20:21:12.249 [main] DEBUG org.apache.hc.client5.http.headers - http-outgoing-1 << ETag: W/"9632a5bbc48d2d95045a834dce1cdf3a25560ad18a800fc5826741a659be23ad"
20:21:12.249 [main] DEBUG org.apache.hc.client5.http.headers - http-outgoing-1 << X-GitHub-Media-Type: github.v3; format=json
20:21:12.249 [main] DEBUG org.apache.hc.client5.http.headers - http-outgoing-1 << Link: <https://api.github.com/repositories/25354393/releases?page=2>; rel="next", <https://api.github.com/repositories/25354393/releases?page=2>; rel="last"
20:21:12.250 [main] DEBUG org.apache.hc.client5.http.headers - http-outgoing-1 << x-github-api-version-selected: 2022-11-28
20:21:12.250 [main] DEBUG org.apache.hc.client5.http.headers - http-outgoing-1 << Access-Control-Expose-Headers: ETag, Link, Location, Retry-After, X-GitHub-OTP, X-RateLimit-Limit, X-RateLimit-Remaining, X-RateLimit-Used, X-RateLimit-Resource, X-RateLimit-Reset, X-OAuth-Scopes, X-Accepted-OAuth-Scopes, X-Poll-Interval, X-GitHub-Media-Type, X-GitHub-SSO, X-GitHub-Request-Id, Deprecation, Sunset
20:21:12.250 [main] DEBUG org.apache.hc.client5.http.headers - http-outgoing-1 << Access-Control-Allow-Origin: *
20:21:12.250 [main] DEBUG org.apache.hc.client5.http.headers - http-outgoing-1 << Strict-Transport-Security: max-age=31536000; includeSubdomains; preload
20:21:12.250 [main] DEBUG org.apache.hc.client5.http.headers - http-outgoing-1 << X-Frame-Options: deny
20:21:12.250 [main] DEBUG org.apache.hc.client5.http.headers - http-outgoing-1 << X-Content-Type-Options: nosniff
20:21:12.250 [main] DEBUG org.apache.hc.client5.http.headers - http-outgoing-1 << X-XSS-Protection: 0
20:21:12.250 [main] DEBUG org.apache.hc.client5.http.headers - http-outgoing-1 << Referrer-Policy: origin-when-cross-origin, strict-origin-when-cross-origin
20:21:12.250 [main] DEBUG org.apache.hc.client5.http.headers - http-outgoing-1 << Content-Security-Policy: default-src 'none'
20:21:12.250 [main] DEBUG org.apache.hc.client5.http.headers - http-outgoing-1 << Content-Encoding: gzip
20:21:12.250 [main] DEBUG org.apache.hc.client5.http.headers - http-outgoing-1 << Server: github.com
20:21:12.250 [main] DEBUG org.apache.hc.client5.http.headers - http-outgoing-1 << X-RateLimit-Limit: 60
20:21:12.250 [main] DEBUG org.apache.hc.client5.http.headers - http-outgoing-1 << X-RateLimit-Remaining: 59
20:21:12.250 [main] DEBUG org.apache.hc.client5.http.headers - http-outgoing-1 << X-RateLimit-Reset: 1728181275
20:21:12.250 [main] DEBUG org.apache.hc.client5.http.headers - http-outgoing-1 << X-RateLimit-Resource: core
20:21:12.250 [main] DEBUG org.apache.hc.client5.http.headers - http-outgoing-1 << X-RateLimit-Used: 1
20:21:12.250 [main] DEBUG org.apache.hc.client5.http.headers - http-outgoing-1 << Accept-Ranges: bytes
20:21:12.250 [main] DEBUG org.apache.hc.client5.http.headers - http-outgoing-1 << Transfer-Encoding: chunked
20:21:12.250 [main] DEBUG org.apache.hc.client5.http.headers - http-outgoing-1 << X-GitHub-Request-Id: DB55:23B8F3:8947D:FD774:6701E60B
20:21:12.251 [main] DEBUG org.apache.hc.client5.http.impl.classic.MainClientExec - ex-0000000003 connection can be kept alive for 3 MINUTES
20:21:12.264 [main] DEBUG org.apache.hc.client5.http.wire - http-outgoing-1 << "[0xffffffb3]<[0xffffff98]m[0xffffffdf]{[0xffffff92]A^[0xffffffb3]*[0x10][0xffffffd9][0xffffffdc]K[0xffffffb0][0xffffffce][0xffffff96][0xffffff97]`[0xffffffd6]V[0xffffff91]EN[0xffffff84][0xffffff92]W[0xffffff95]\[0xffffffc0][0xffffffad]yJ^[0x1f][0xffffff8e][0xffffffbc][0xfffffff6][0xffffffdb][0xffffffdd]f[0xffffff81][0xffffffbc][0xfffffff6][0xfffffffa][0xffffffad][0xffffffce][0xffffffd6][0x0][0xffffff96]K[0xffffffe7][0x16]y[0xffffffbd][0xfffffff7][0xffffffc5]Y[0xffffffc8][0xffffffab]P[0xffffffab][\n]"
20:21:12.264 [main] DEBUG org.apache.hc.client5.http.wire - http-outgoing-1 << "[0xffffff84][0xffffff95]|[0xffffffa2][0xffffffa9]5[0xffffffd9][0xe][0xfffffff2][0xffffffdc][0xffffffca][0xffffffa2]W[0xffffffb2][0x16][0xffffff94][0xffffffe4][0xffffffc8][0xffffffa2][0xffffffab]XEV[0xffffffc2][0xffffffaa][0xffffff84]U[0x9]+3dgV[0xffffffa5][0xffffffbf][0xffffffba][0xffffffac][0xffffffad]}[0xffffffe2][0xffffffd6]n[0xffffffa7][0xffffffdd][0xffffffec][0xffffffc0]t[0xffffff90][0xffffff8f][{][0xffffffbd]g[0xffffffe0]][0xfffffff9][0xffffff96][0xffffffc0]u[0xffffffeb]*l{[0xffffffa0][0xffffffb3][0xc][0xffffffda][0xfffffffb]|[0xffffffed][0xffffff95][0xffffffc8][0xffffffd5][0x1f][0xffffffbf][0xffffff93])8[0x18]Y^[0x1e][\n]"
20:21:12.264 [main] DEBUG org.apache.hc.client5.http.wire - http-outgoing-1 << "[0xffffffb0]3*A[0xffffffec][0xffffff9e]"[0x3]@[0x7][0xffffffef][0xffffffd2][0xffffffa0][0xffffffd8]=[0xffffffd5][0xffffffe0][0xffffffc8][0x1f][0xffffffdf][0xffffffc0][0xffffff91][0xfffffff7][0xffffffe8][0xffffff91][0xffffffc6]}[0xffffffc8][0xffffffda][0xffffffe3][0xffffffc4]X[0xfffffffc]T[0x1b][0xfffffff6]'[0xffffffba][0xffffffa5][0xffffffeb][0xffffffcd][0xffffffce][0xffffffc8][0xffffffb1]Z[0xffffffc3]'[0xffffffbf][0x5][0xffffffbf]-[0xffffffe8][0xffffffdf]#l[0xfffffffe][0xfffffff7][0x5][0xffffffac]z[0xffffffda]2[0xfffffff0]G[0xffffff9e]3[0xf][0xffffffe5]_j[0xffffffda][0xffffffc5][0x19]z[0x1d][0xffffffad][0xffffff96][0xffffffda][0xffffffcc]ZL[0xffffffb5]k[0xffffffbc]A[0xffffffd0]^[0xffffffba][0xffffff81]3[0xfffffff1]?j[0xffffffc1]j[0xffffffb1][0xffffff80][0xffffffbd]^s[0x17][0xffffff9a][0xffffffa5][0xffffff91]s[0x5]>[0x15]'[0xffffffd0][0x1e];[0xfffffff5]i][0xb][0x17][0xffffffd6][0xfffffff2][0xffffffa9]6[0xfffffff1][0xffffffac]hi]>[0x19]\[0xffffffc8][0x16]5[0xffffffed][0xffffff97][0xffffff99][0xffffffb3][0xffffff88][0xffffffdb]pCmi[0xffffffd9][0xffffff97][0xffffffd6][0xffffffd4][0x19][0xffffffa3][0xffffff9d][0xffffffd0][0x1d];[0xffffffd9][0xffffffb6]<[0xfffffff7][0xffffffd2][0xffffffd1][0xffffffe0][0xffffffde][0xffffffd7][0xffffffc6][0xffffffce][0xffffffc4]ZyQ[0xffffffbc][0xffffffa3][0xffffff98][0x4][0xffffffd4][0xffffffac][0xffffffa6][0xffffff85]3w[0xffffffb9]D[0xb][0xffffffac]{[0xffffffef]F[0xffffffb0][0x1a][0xffffffae]4[0xffffffd3][0xffffffac][0xffffffeb][0xffffffad]'O57[0xffffffd2][0xffffffe6][0xffffffd6][0xffffff8d][0x16]:[0xffffffd4][0xfffffff2][0xffffffd8][0xffffff9d]L[0xffffffe0][0xffffffc3]^D[0xffffffda][0xffffffc4][0xfffffff5][0xffffff9c][0xfffffff0]&[0xffffff8c][0xffffff9c][0xffffffb9][0x16][0xfffffff9][0xffffffec][0x8]3?[0xffffff8c][0xffffffea][0xffffffbc][0xffffffbd][0xfffffff3][0x19][0xfffffffa]e[8/lnG[0xffffff9a]e[0xffffffdb]N[0x18][0xffffffca][\r][0xffffffa7][0xe]N[0xffffff93][0xffffffbc][0xffffff89]4\[0xffffffd4][0xe][0xffffff9a][0xffffff85][0x5]=[0xfffffff2][0xf
[...]
20:21:23.613 [Forwarding isElementDisplayed on session e5cb48ea-8c77-47d5-b94c-62549c0f59de to remote] DEBUG org.asynchttpclient.netty.request.NettyRequestSender - Using open Channel [id: 0xcfc56771, L:/127.0.0.1:56154 - R:localhost/127.0.0.1:56827] for POST '/session/e5cb48ea-8c77-47d5-b94c-62549c0f59de/execute/sync'
20:21:23.621 [AsyncHttpClient-1-2] DEBUG org.asynchttpclient.netty.handler.HttpHandler - 

Request DefaultHttpRequest(decodeResult: success, version: HTTP/1.1)
POST /session/e5cb48ea-8c77-47d5-b94c-62549c0f59de/execute/sync HTTP/1.1
User-Agent: selenium/4.4.0 (java windows)
Content-Length: 48780
Content-Type: application/json; charset=utf-8
host: localhost:56827
accept: */*

Response DefaultHttpResponse(decodeResult: success, version: HTTP/1.1)
HTTP/1.1 200 OK
content-type: application/json; charset=utf-8
cache-control: no-cache
date: Sun, 06 Oct 2024 01:21:23 GMT
content-length: 14

20:21:23.621 [AsyncHttpClient-1-2] DEBUG org.asynchttpclient.netty.channel.ChannelManager - Adding key: http://localhost:56827 for channel [id: 0xcfc56771, L:/127.0.0.1:56154 - R:localhost/127.0.0.1:56827]
20:21:23.632 [Forwarding getCurrentWindowHandle on session e5cb48ea-8c77-47d5-b94c-62549c0f59de to remote] DEBUG org.asynchttpclient.netty.request.NettyRequestSender - Using pooled Channel '[id: 0xcfc56771, L:/127.0.0.1:56154 - R:localhost/127.0.0.1:56827]' for 'GET' to 'http://localhost:56827/session/e5cb48ea-8c77-47d5-b94c-62549c0f59de/window'
20:21:23.632 [Forwarding getCurrentWindowHandle on session e5cb48ea-8c77-47d5-b94c-62549c0f59de to remote] DEBUG org.asynchttpclient.netty.request.NettyRequestSender - Using open Channel [id: 0xcfc56771, L:/127.0.0.1:56154 - R:localhost/127.0.0.1:56827] for GET '/session/e5cb48ea-8c77-47d5-b94c-62549c0f59de/window'
20:21:23.634 [AsyncHttpClient-1-2] DEBUG org.asynchttpclient.netty.handler.HttpHandler - 

Request DefaultFullHttpRequest(decodeResult: success, version: HTTP/1.1, content: EmptyByteBufBE)
GET /session/e5cb48ea-8c77-47d5-b94c-62549c0f59de/window HTTP/1.1
User-Agent: selenium/4.4.0 (java windows)
Cache-Control: no-cache
Content-Type: application/json; charset=utf-8
host: localhost:56827
accept: */*

Response DefaultHttpResponse(decodeResult: success, version: HTTP/1.1)
HTTP/1.1 200 OK
content-type: application/json; charset=utf-8
cache-control: no-cache
date: Sun, 06 Oct 2024 01:21:23 GMT
content-length: 48

20:21:23.634 [AsyncHttpClient-1-2] DEBUG org.asynchttpclient.netty.channel.ChannelManager - Adding key: http://localhost:56827 for channel [id: 0xcfc56771, L:/127.0.0.1:56154 - R:localhost/127.0.0.1:56827]
20:21:23.634 [Forwarding getAlertText on session e5cb48ea-8c77-47d5-b94c-62549c0f59de to remote] DEBUG org.asynchttpclient.netty.request.NettyRequestSender - Using pooled Channel '[id: 0xcfc56771, L:/127.0.0.1:56154 - R:localhost/127.0.0.1:56827]' for 'GET' to 'http://localhost:56827/session/e5cb48ea-8c77-47d5-b94c-62549c0f59de/alert/text'
20:21:23.634 [Forwarding getAlertText on session e5cb48ea-8c77-47d5-b94c-62549c0f59de to remote] DEBUG org.asynchttpclient.netty.request.NettyRequestSender - Using open Channel [id: 0xcfc56771, L:/127.0.0.1:56154 - R:localhost/127.0.0.1:56827] for GET '/session/e5cb48ea-8c77-47d5-b94c-62549c0f59de/alert/text'
20:21:23.636 [AsyncHttpClient-1-2] DEBUG org.asynchttpclient.netty.handler.HttpHandler - 

Request DefaultFullHttpRequest(decodeResult: success, version: HTTP/1.1, content: EmptyByteBufBE)
GET /session/e5cb48ea-8c77-47d5-b94c-62549c0f59de/alert/text HTTP/1.1
User-Agent: selenium/4.4.0 (java windows)
Cache-Control: no-cache
Content-Type: application/json; charset=utf-8
host: localhost:56827
accept: */*

Response DefaultHttpResponse(decodeResult: success, version: HTTP/1.1)
HTTP/1.1 404 Not Found
content-type: application/json; charset=utf-8
cache-control: no-cache
date: Sun, 06 Oct 2024 01:21:23 GMT
content-length: 842

20:21:23.636 [AsyncHttpClient-1-2] DEBUG org.asynchttpclient.netty.channel.ChannelManager - Adding key: http://localhost:56827 for channel [id: 0xcfc56771, L:/127.0.0.1:56154 - R:localhost/127.0.0.1:56827]
20:21:23.637 [Forwarding switchToWindow on session e5cb48ea-8c77-47d5-b94c-62549c0f59de to remote] DEBUG org.asynchttpclient.netty.request.NettyRequestSender - Using pooled Channel '[id: 0xcfc56771, L:/127.0.0.1:56154 - R:localhost/127.0.0.1:56827]' for 'POST' to 'http://localhost:56827/session/e5cb48ea-8c77-47d5-b94c-62549c0f59de/window'
20:21:23.637 [Forwarding switchToWindow on session e5cb48ea-8c77-47d5-b94c-62549c0f59de to remote] DEBUG org.asynchttpclient.netty.request.NettyRequestSender - Using open Channel [id: 0xcfc56771, L:/127.0.0.1:56154 - R:localhost/127.0.0.1:56827] for POST '/session/e5cb48ea-8c77-47d5-b94c-62549c0f59de/window'
20:21:23.638 [AsyncHttpClient-1-2] DEBUG org.asynchttpclient.netty.handler.HttpHandler - 

Request DefaultHttpRequest(decodeResult: success, version: HTTP/1.1)
POST /session/e5cb48ea-8c77-47d5-b94c-62549c0f59de/window HTTP/1.1
User-Agent: selenium/4.4.0 (java windows)
Content-Length: 54
Content-Type: application/json; charset=utf-8
host: localhost:56827
accept: */*

Response DefaultHttpResponse(decodeResult: success, version: HTTP/1.1)
HTTP/1.1 200 OK
content-type: application/json; charset=utf-8
cache-control: no-cache
date: Sun, 06 Oct 2024 01:21:23 GMT
content-length: 14

20:21:23.638 [AsyncHttpClient-1-2] DEBUG org.asynchttpclient.netty.channel.ChannelManager - Adding key: http://localhost:56827 for channel [id: 0xcfc56771, L:/127.0.0.1:56154 - R:localhost/127.0.0.1:56827]
20:21:23.638 [Forwarding getCurrentUrl on session e5cb48ea-8c77-47d5-b94c-62549c0f59de to remote] DEBUG org.asynchttpclient.netty.request.NettyRequestSender - Using pooled Channel '[id: 0xcfc56771, L:/127.0.0.1:56154 - R:localhost/127.0.0.1:56827]' for 'GET' to 'http://localhost:56827/session/e5cb48ea-8c77-47d5-b94c-62549c0f59de/url'
20:21:23.639 [Forwarding getCurrentUrl on session e5cb48ea-8c77-47d5-b94c-62549c0f59de to remote] DEBUG org.asynchttpclient.netty.request.NettyRequestSender - Using open Channel [id: 0xcfc56771, L:/127.0.0.1:56154 - R:localhost/127.0.0.1:56827] for GET '/session/e5cb48ea-8c77-47d5-b94c-62549c0f59de/url'
20:21:23.639 [AsyncHttpClient-1-2] DEBUG org.asynchttpclient.netty.handler.HttpHandler - 

Request DefaultFullHttpRequest(decodeResult: success, version: HTTP/1.1, content: EmptyByteBufBE)
GET /session/e5cb48ea-8c77-47d5-b94c-62549c0f59de/url HTTP/1.1
User-Agent: selenium/4.4.0 (java windows)
Cache-Control: no-cache
Content-Type: application/json; charset=utf-8
host: localhost:56827
accept: */*

Response DefaultHttpResponse(decodeResult: success, version: HTTP/1.1)
HTTP/1.1 200 OK
content-type: application/json; charset=utf-8
cache-control: no-cache
date: Sun, 06 Oct 2024 01:21:23 GMT
content-length: 60

20:21:23.640 [AsyncHttpClient-1-2] DEBUG org.asynchttpclient.netty.channel.ChannelManager - Adding key: http://localhost:56827 for channel [id: 0xcfc56771, L:/127.0.0.1:56154 - R:localhost/127.0.0.1:56827]
20:21:23.640 [Forwarding screenshot on session e5cb48ea-8c77-47d5-b94c-62549c0f59de to remote] DEBUG org.asynchttpclient.netty.request.NettyRequestSender - Using pooled Channel '[id: 0xcfc56771, L:/127.0.0.1:56154 - R:localhost/127.0.0.1:56827]' for 'GET' to 'http://localhost:56827/session/e5cb48ea-8c77-47d5-b94c-62549c0f59de/screenshot'
20:21:23.640 [Forwarding screenshot on session e5cb48ea-8c77-47d5-b94c-62549c0f59de to remote] DEBUG org.asynchttpclient.netty.request.NettyRequestSender - Using open Channel [id: 0xcfc56771, L:/127.0.0.1:56154 - R:localhost/127.0.0.1:56827] for GET '/session/e5cb48ea-8c77-47d5-b94c-62549c0f59de/screenshot'
20:21:23.665 [AsyncHttpClient-1-2] DEBUG org.asynchttpclient.netty.handler.HttpHandler - 

Request DefaultFullHttpRequest(decodeResult: success, version: HTTP/1.1, content: EmptyByteBufBE)
GET /session/e5cb48ea-8c77-47d5-b94c-62549c0f59de/screenshot HTTP/1.1
User-Agent: selenium/4.4.0 (java windows)
Cache-Control: no-cache
Content-Type: application/json; charset=utf-8
host: localhost:56827
accept: */*

Response DefaultHttpResponse(decodeResult: success, version: HTTP/1.1)
HTTP/1.1 200 OK
content-type: application/json; charset=utf-8
cache-control: no-cache
date: Sun, 06 Oct 2024 01:21:23 GMT
content-length: 83816

20:21:23.666 [AsyncHttpClient-1-2] DEBUG org.asynchttpclient.netty.channel.ChannelManager - Adding key: http://localhost:56827 for channel [id: 0xcfc56771, L:/127.0.0.1:56154 - R:localhost/127.0.0.1:56827]
20:21:23.668 [main] DEBUG net.serenitybdd.core.photography.Darkroom - Send negative for processing for target\site\serenity\72b9c9d3c9970ca3a363737636202f37eec1b087ba994a3cc6fa5dbe76c3f3c2.png
20:21:23.669 [Forwarding getPageSource on session e5cb48ea-8c77-47d5-b94c-62549c0f59de to remote] DEBUG org.asynchttpclient.netty.request.NettyRequestSender - Using pooled Channel '[id: 0xcfc56771, L:/127.0.0.1:56154 - R:localhost/127.0.0.1:56827]' for 'POST' to 'http://localhost:56827/session/e5cb48ea-8c77-47d5-b94c-62549c0f59de/execute/sync'
20:21:23.669 [Forwarding getPageSource on session e5cb48ea-8c77-47d5-b94c-62549c0f59de to remote] DEBUG org.asynchttpclient.netty.request.NettyRequestSender - Using open Channel [id: 0xcfc56771, L:/127.0.0.1:56154 - R:localhost/127.0.0.1:56827] for POST '/session/e5cb48ea-8c77-47d5-b94c-62549c0f59de/execute/sync'
20:21:23.673 [AsyncHttpClient-1-2] DEBUG org.asynchttpclient.netty.handler.HttpHandler - 

Request DefaultHttpRequest(decodeResult: success, version: HTTP/1.1)
POST /session/e5cb48ea-8c77-47d5-b94c-62549c0f59de/execute/sync HTTP/1.1
User-Agent: selenium/4.4.0 (java windows)
Content-Length: 176
Content-Type: application/json; charset=utf-8
host: localhost:56827
accept: */*

Response DefaultHttpResponse(decodeResult: success, version: HTTP/1.1)
HTTP/1.1 200 OK
content-type: application/json; charset=utf-8
cache-control: no-cache
date: Sun, 06 Oct 2024 01:21:23 GMT
content-length: 17241

20:21:23.673 [AsyncHttpClient-1-2] DEBUG org.asynchttpclient.netty.channel.ChannelManager - Adding key: http://localhost:56827 for channel [id: 0xcfc56771, L:/127.0.0.1:56154 - R:localhost/127.0.0.1:56827]
20:21:23.675 [Forwarding getCurrentUrl on session e5cb48ea-8c77-47d5-b94c-62549c0f59de to remote] DEBUG org.asynchttpclient.netty.request.NettyRequestSender - Using pooled Channel '[id: 0xcfc56771, L:/127.0.0.1:56154 - R:localhost/127.0.0.1:56827]' for 'GET' to 'http://localhost:56827/session/e5cb48ea-8c77-47d5-b94c-62549c0f59de/url'
20:21:23.675 [Forwarding getCurrentUrl on session e5cb48ea-8c77-47d5-b94c-62549c0f59de to remote] DEBUG org.asynchttpclient.netty.request.NettyRequestSender - Using open Channel [id: 0xcfc56771, L:/127.0.0.1:56154 - R:localhost/127.0.0.1:56827] for GET '/session/e5cb48ea-8c77-47d5-b94c-62549c0f59de/url'
20:21:23.676 [AsyncHttpClient-1-2] DEBUG org.asynchttpclient.netty.handler.HttpHandler - 

Request DefaultFullHttpRequest(decodeResult: success, version: HTTP/1.1, content: EmptyByteBufBE)
GET /session/e5cb48ea-8c77-47d5-b94c-62549c0f59de/url HTTP/1.1
User-Agent: selenium/4.4.0 (java windows)
Cache-Control: no-cache
Content-Type: application/json; charset=utf-8
host: localhost:56827
accept: */*

Response DefaultHttpResponse(decodeResult: success, version: HTTP/1.1)
HTTP/1.1 200 OK
content-type: application/json; charset=utf-8
cache-control: no-cache
date: Sun, 06 Oct 2024 01:21:23 GMT
content-length: 60

20:21:23.676 [AsyncHttpClient-1-2] DEBUG org.asynchttpclient.netty.channel.ChannelManager - Adding key: http://localhost:56827 for channel [id: 0xcfc56771, L:/127.0.0.1:56154 - R:localhost/127.0.0.1:56827]
20:21:23.679 [main] DEBUG net.serenitybdd.screenplay.targets.IFrameSwitcher - default content already selected for confirmation message
20:21:23.680 [Forwarding findElements on session e5cb48ea-8c77-47d5-b94c-62549c0f59de to remote] DEBUG org.asynchttpclient.netty.request.NettyRequestSender - Using pooled Channel '[id: 0xcfc56771, L:/127.0.0.1:56154 - R:localhost/127.0.0.1:56827]' for 'POST' to 'http://localhost:56827/session/e5cb48ea-8c77-47d5-b94c-62549c0f59de/elements'
20:21:23.680 [Forwarding findElements on session e5cb48ea-8c77-47d5-b94c-62549c0f59de to remote] DEBUG org.asynchttpclient.netty.request.NettyRequestSender - Using open Channel [id: 0xcfc56771, L:/127.0.0.1:56154 - R:localhost/127.0.0.1:56827] for POST '/session/e5cb48ea-8c77-47d5-b94c-62549c0f59de/elements'
20:21:23.683 [AsyncHttpClient-1-2] DEBUG org.asynchttpclient.netty.handler.HttpHandler - 

Request DefaultHttpRequest(decodeResult: success, version: HTTP/1.1)
POST /session/e5cb48ea-8c77-47d5-b94c-62549c0f59de/elements HTTP/1.1
User-Agent: selenium/4.4.0 (java windows)
Content-Length: 87
Content-Type: application/json; charset=utf-8
host: localhost:56827
accept: */*

Response DefaultHttpResponse(decodeResult: success, version: HTTP/1.1)
HTTP/1.1 200 OK
content-type: application/json; charset=utf-8
cache-control: no-cache
date: Sun, 06 Oct 2024 01:21:23 GMT
content-length: 90

20:21:23.683 [AsyncHttpClient-1-2] DEBUG org.asynchttpclient.netty.channel.ChannelManager - Adding key: http://localhost:56827 for channel [id: 0xcfc56771, L:/127.0.0.1:56154 - R:localhost/127.0.0.1:56827]
20:21:23.684 [Forwarding getElementText on session e5cb48ea-8c77-47d5-b94c-62549c0f59de to remote] DEBUG org.asynchttpclient.netty.request.NettyRequestSender - Using pooled Channel '[id: 0xcfc56771, L:/127.0.0.1:56154 - R:localhost/127.0.0.1:56827]' for 'GET' to 'http://localhost:56827/session/e5cb48ea-8c77-47d5-b94c-62549c0f59de/element/605a78c5-998d-44ff-98c9-707ed1aec21d/text'
20:21:23.684 [Forwarding getElementText on session e5cb48ea-8c77-47d5-b94c-62549c0f59de to remote] DEBUG org.asynchttpclient.netty.request.NettyRequestSender - Using open Channel [id: 0xcfc56771, L:/127.0.0.1:56154 - R:localhost/127.0.0.1:56827] for GET '/session/e5cb48ea-8c77-47d5-b94c-62549c0f59de/element/605a78c5-998d-44ff-98c9-707ed1aec21d/text'
20:21:23.695 [AsyncHttpClient-1-2] DEBUG org.asynchttpclient.netty.handler.HttpHandler - 

Request DefaultFullHttpRequest(decodeResult: success, version: HTTP/1.1, content: EmptyByteBufBE)
GET /session/e5cb48ea-8c77-47d5-b94c-62549c0f59de/element/605a78c5-998d-44ff-98c9-707ed1aec21d/text HTTP/1.1
User-Agent: selenium/4.4.0 (java windows)
Cache-Control: no-cache
Content-Type: application/json; charset=utf-8
host: localhost:56827
accept: */*

Response DefaultHttpResponse(decodeResult: success, version: HTTP/1.1)
HTTP/1.1 200 OK
content-type: application/json; charset=utf-8
cache-control: no-cache
date: Sun, 06 Oct 2024 01:21:23 GMT
content-length: 37

20:21:23.695 [AsyncHttpClient-1-2] DEBUG org.asynchttpclient.netty.channel.ChannelManager - Adding key: http://localhost:56827 for channel [id: 0xcfc56771, L:/127.0.0.1:56154 - R:localhost/127.0.0.1:56827]
20:21:23.729 [AsyncHttpClient-1-1] DEBUG org.asynchttpclient.netty.channel.DefaultChannelPool - Entry count for : http://localhost:56827 : 1
20:21:23.745 [Driver Command Executor] DEBUG org.asynchttpclient.netty.request.NettyRequestSender - Using pooled Channel '[id: 0xcfc56771, L:/127.0.0.1:56154 - R:localhost/127.0.0.1:56827]' for 'DELETE' to 'http://localhost:56827/session/e5cb48ea-8c77-47d5-b94c-62549c0f59de'
20:21:23.745 [Driver Command Executor] DEBUG org.asynchttpclient.netty.request.NettyRequestSender - Using open Channel [id: 0xcfc56771, L:/127.0.0.1:56154 - R:localhost/127.0.0.1:56827] for DELETE '/session/e5cb48ea-8c77-47d5-b94c-62549c0f59de'
20:21:24.621 [AsyncHttpClient-1-2] DEBUG org.asynchttpclient.netty.handler.HttpHandler - 

Request DefaultFullHttpRequest(decodeResult: success, version: HTTP/1.1, content: EmptyByteBufBE)
DELETE /session/e5cb48ea-8c77-47d5-b94c-62549c0f59de HTTP/1.1
User-Agent: selenium/4.4.0 (java windows)
Content-Type: application/json; charset=utf-8
host: localhost:56827
accept: */*

Response DefaultHttpResponse(decodeResult: success, version: HTTP/1.1)
HTTP/1.1 200 OK
content-type: application/json; charset=utf-8
cache-control: no-cache
date: Sun, 06 Oct 2024 01:21:23 GMT
content-length: 14

20:21:24.622 [AsyncHttpClient-1-2] DEBUG org.asynchttpclient.netty.channel.ChannelManager - Adding key: http://localhost:56827 for channel [id: 0xcfc56771, L:/127.0.0.1:56154 - R:localhost/127.0.0.1:56827]
20:21:24.626 [AsyncHttpClient-1-2] DEBUG org.asynchttpclient.netty.handler.HttpHandler - Unexpected I/O exception on channel [id: 0xcfc56771, L:/127.0.0.1:56154 - R:localhost/127.0.0.1:56827]
java.net.SocketException: Connection reset
	at java.base/sun.nio.ch.SocketChannelImpl.throwConnectionReset(SocketChannelImpl.java:394)
	at java.base/sun.nio.ch.SocketChannelImpl.read(SocketChannelImpl.java:426)
	at io.netty.buffer.PooledByteBuf.setBytes(PooledByteBuf.java:258)
	at io.netty.buffer.AbstractByteBuf.writeBytes(AbstractByteBuf.java:1132)
	at io.netty.channel.socket.nio.NioSocketChannel.doReadBytes(NioSocketChannel.java:357)
	at io.netty.channel.nio.AbstractNioByteChannel$NioByteUnsafe.read(AbstractNioByteChannel.java:151)
	at io.netty.channel.nio.NioEventLoop.processSelectedKey(NioEventLoop.java:722)
	at io.netty.channel.nio.NioEventLoop.processSelectedKeysOptimized(NioEventLoop.java:658)
	at io.netty.channel.nio.NioEventLoop.processSelectedKeys(NioEventLoop.java:584)
	at io.netty.channel.nio.NioEventLoop.run(NioEventLoop.java:496)
	at io.netty.util.concurrent.SingleThreadEventExecutor$4.run(SingleThreadEventExecutor.java:997)
	at io.netty.util.internal.ThreadExecutorMap$2.run(ThreadExecutorMap.java:74)
	at io.netty.util.concurrent.FastThreadLocalRunnable.run(FastThreadLocalRunnable.java:30)
	at java.base/java.lang.Thread.run(Thread.java:842)
20:21:24.626 [AsyncHttpClient-1-2] DEBUG org.asynchttpclient.netty.channel.ChannelManager - Closing Channel [id: 0xcfc56771, L:/127.0.0.1:56154 - R:localhost/127.0.0.1:56827] 
20:21:24.627 [AsyncHttpClient-1-2] DEBUG org.asynchttpclient.netty.handler.HttpHandler - Channel Closed: [id: 0xcfc56771, L:/127.0.0.1:56154 ! R:localhost/127.0.0.1:56827] with attribute DISCARD
20:21:24.674 [main] INFO  - 
  _____   ___   ___   _____     ___     _     ___   ___   ___   ___  
 |_   _| | __| / __| |_   _|   | _ \   /_\   / __| / __| | __| |   \ 
   | |   | _|  \__ \   | |     |  _/  / _ \  \__ \ \__ \ | _|  | |) |
   |_|   |___| |___/   |_|     |_|   /_/ \_\ |___/ |___/ |___| |___/ 

Successful purchase
----------------------------------------------------------------------
]]></system-out>
    <system-err><![CDATA[1728177672870	geckodriver	INFO	Listening on 127.0.0.1:56827
1728177673095	mozrunner::runner	INFO	Running command: "C:\\Program Files\\Mozilla Firefox\\firefox.exe" "--marionette" "--remote-debugging-port" "62782" "--remote ... origins" "http://localhost:62782/" "-no-remote" "-profile" "C:\\Users\\Santiago\\AppData\\Local\\Temp\\rust_mozprofile4NcKpS"
console.warn: services.settings: Ignoring preference override of remote settings server
console.warn: services.settings: Allow by setting MOZ_REMOTE_SETTINGS_DEVTOOLS=1 in the environment
Dynamically enable window occlusion 0
1728177673360	Marionette	INFO	Marionette enabled
1728177673634	Marionette	INFO	Listening on port 56157
WebDriver BiDi listening on ws://127.0.0.1:62782
Read port: 56157
1728177673774	RemoteAgent	WARN	TLS certificate errors will be ignored for this session
oct. 05, 2024 8:21:15 P. M. org.openqa.selenium.remote.ProtocolHandshake createSession
INFO: Detected upstream dialect: W3C
console.warn: LoginRecipes: "Falling back to a synchronous message for: https://www.saucedemo.com."
console.warn: LoginRecipes: "Falling back to a synchronous message for: https://www.saucedemo.com."
1728177683747	Marionette	INFO	Stopped listening on port 56157
Dynamically enable window occlusion 1
]]></system-err>
  </testcase>
</testsuite>